#
# There is insufficient memory for the Java Runtime Environment to continue.
# Native memory allocation (malloc) failed to allocate 902720 bytes. Error detail: Chunk::new
# Possible reasons:
#   The system is out of physical RAM or swap space
#   This process is running with CompressedOops enabled, and the Java Heap may be blocking the growth of the native heap
# Possible solutions:
#   Reduce memory load on the system
#   Increase physical memory or swap space
#   Check if swap backing store is full
#   Decrease Java heap size (-Xmx/-Xms)
#   Decrease number of Java threads
#   Decrease Java thread stack sizes (-Xss)
#   Set larger code cache with -XX:ReservedCodeCacheSize=
#   JVM is running with Unscaled Compressed Oops mode in which the Java heap is
#     placed in the first 4GB address space. The Java Heap base address is the
#     maximum limit for the native heap growth. Please use -XX:HeapBaseMinAddress
#     to set the Java Heap base and to place the Java Heap above 4GB virtual address.
# This output file may be truncated or incomplete.
#
#  Out of Memory Error (arena.cpp:168), pid=22020, tid=20980
#
# JRE version: OpenJDK Runtime Environment Temurin-21.0.6+7 (21.0.6+7) (build 21.0.6+7-LTS)
# Java VM: OpenJDK 64-Bit Server VM Temurin-21.0.6+7 (21.0.6+7-LTS, mixed mode, sharing, tiered, compressed oops, compressed class ptrs, parallel gc, windows-amd64)
# No core dump will be written. Minidumps are not enabled by default on client versions of Windows
#

---------------  S U M M A R Y ------------

Command Line: --add-modules=ALL-SYSTEM --add-opens=java.base/java.util=ALL-UNNAMED --add-opens=java.base/java.lang=ALL-UNNAMED --add-opens=java.base/sun.nio.fs=ALL-UNNAMED -Declipse.application=org.eclipse.jdt.ls.core.id1 -Dosgi.bundles.defaultStartLevel=4 -Declipse.product=org.eclipse.jdt.ls.core.product -Djava.import.generatesMetadataFilesAtProjectRoot=false -DDetectVMInstallationsJob.disabled=true -Dfile.encoding=utf8 -XX:+UseParallelGC -XX:GCTimeRatio=4 -XX:AdaptiveSizePolicyWeight=90 -Dsun.zip.disableMemoryMapping=true -Xmx1G -Xms100m -Xlog:disable -javaagent:c:\Users\yasit\.vscode\extensions\redhat.java-1.41.1-win32-x64\lombok\lombok-1.18.36.jar c:\Users\yasit\.vscode\extensions\redhat.java-1.41.1-win32-x64\server\plugins\org.eclipse.equinox.launcher_1.7.0.v20250331-1702.jar -configuration c:\Users\yasit\AppData\Roaming\Code\User\globalStorage\redhat.java\1.41.1\config_ss_win -data c:\Users\yasit\AppData\Roaming\Code\User\workspaceStorage\db42d2b355658ce1cce1b4bdd0ae306e\redhat.java\ss_ws --pipe=\\.\pipe\lsp-585e30db1bd240bf689b263339b8635f-sock

Host: Intel(R) Core(TM) i5-10300H CPU @ 2.50GHz, 8 cores, 7G,  Windows 11 , 64 bit Build 22621 (10.0.22621.5124)
Time: Mon May  5 19:19:53 2025 Sri Lanka Standard Time elapsed time: 80.145113 seconds (0d 0h 1m 20s)

---------------  T H R E A D  ---------------

Current thread (0x00000285a7c4af70):  JavaThread "C2 CompilerThread0" daemon [_thread_in_native, id=20980, stack(0x000000fe5c500000,0x000000fe5c600000) (1024K)]


Current CompileTask:
C2:80145 4113   !   4       org.eclipse.core.internal.resources.SaveManager::lambda$4 (137 bytes)

Stack: [0x000000fe5c500000,0x000000fe5c600000]
Native frames: (J=compiled Java code, j=interpreted, Vv=VM code, C=native code)
V  [jvm.dll+0x6cdee9]
V  [jvm.dll+0x8a83d1]
V  [jvm.dll+0x8aa8fe]
V  [jvm.dll+0x8aafe3]
V  [jvm.dll+0x27f706]
V  [jvm.dll+0xc500d]
V  [jvm.dll+0xc5543]
V  [jvm.dll+0x3b678c]
V  [jvm.dll+0x1dfe13]
V  [jvm.dll+0x247b42]
V  [jvm.dll+0x246fcf]
V  [jvm.dll+0x1c75ee]
V  [jvm.dll+0x25685a]
V  [jvm.dll+0x254dfa]
V  [jvm.dll+0x3f0256]
V  [jvm.dll+0x851f8b]
V  [jvm.dll+0x6cc5ed]
C  [ucrtbase.dll+0x29333]
C  [KERNEL32.DLL+0x1259d]
C  [ntdll.dll+0x5af38]


---------------  P R O C E S S  ---------------

Threads class SMR info:
_java_thread_list=0x00000285ef057e00, length=35, elements={
0x00000285938924f0, 0x00000285a7c3cf80, 0x00000285a7c3e880, 0x00000285a7c40540,
0x00000285a7c43f00, 0x00000285a7c446c0, 0x00000285a7c46b10, 0x00000285a7c4af70,
0x00000285ea6928c0, 0x00000285ea703670, 0x00000285ea87dfe0, 0x00000285ef80f540,
0x00000285ef0afce0, 0x00000285ef0b0340, 0x00000285ef837080, 0x00000285efad0b10,
0x00000285efde30d0, 0x00000285efde4120, 0x00000285ef194700, 0x00000285ef195ab0,
0x00000285ef1974f0, 0x00000285ef194d90, 0x00000285ef195420, 0x00000285ef196140,
0x00000285ef1967d0, 0x00000285ef197b80, 0x00000285ef196e60, 0x00000285f0cb3fe0,
0x00000285f0cb7af0, 0x00000285f0cb8180, 0x00000285f0cba8e0, 0x00000285f0cb5a20,
0x00000285f0cb5390, 0x00000285f0cbaf70, 0x00000285f0cb4670
}

Java Threads: ( => current thread )
  0x00000285938924f0 JavaThread "main"                              [_thread_blocked, id=24372, stack(0x000000fe5bb00000,0x000000fe5bc00000) (1024K)]
  0x00000285a7c3cf80 JavaThread "Reference Handler"          daemon [_thread_blocked, id=6636, stack(0x000000fe5bf00000,0x000000fe5c000000) (1024K)]
  0x00000285a7c3e880 JavaThread "Finalizer"                  daemon [_thread_blocked, id=15056, stack(0x000000fe5c000000,0x000000fe5c100000) (1024K)]
  0x00000285a7c40540 JavaThread "Signal Dispatcher"          daemon [_thread_blocked, id=6664, stack(0x000000fe5c100000,0x000000fe5c200000) (1024K)]
  0x00000285a7c43f00 JavaThread "Attach Listener"            daemon [_thread_blocked, id=3632, stack(0x000000fe5c200000,0x000000fe5c300000) (1024K)]
  0x00000285a7c446c0 JavaThread "Service Thread"             daemon [_thread_blocked, id=19580, stack(0x000000fe5c300000,0x000000fe5c400000) (1024K)]
  0x00000285a7c46b10 JavaThread "Monitor Deflation Thread"   daemon [_thread_blocked, id=2072, stack(0x000000fe5c400000,0x000000fe5c500000) (1024K)]
=>0x00000285a7c4af70 JavaThread "C2 CompilerThread0"         daemon [_thread_in_native, id=20980, stack(0x000000fe5c500000,0x000000fe5c600000) (1024K)]
  0x00000285ea6928c0 JavaThread "C1 CompilerThread0"         daemon [_thread_blocked, id=22884, stack(0x000000fe5c600000,0x000000fe5c700000) (1024K)]
  0x00000285ea703670 JavaThread "Common-Cleaner"             daemon [_thread_blocked, id=11396, stack(0x000000fe5c700000,0x000000fe5c800000) (1024K)]
  0x00000285ea87dfe0 JavaThread "Notification Thread"        daemon [_thread_blocked, id=21268, stack(0x000000fe5c800000,0x000000fe5c900000) (1024K)]
  0x00000285ef80f540 JavaThread "Active Thread: Equinox Container: 46cb6562-49c2-4e4a-b587-d5d75aaeefa4"        [_thread_blocked, id=22076, stack(0x000000fe5d000000,0x000000fe5d100000) (1024K)]
  0x00000285ef0afce0 JavaThread "Framework Event Dispatcher: Equinox Container: 46cb6562-49c2-4e4a-b587-d5d75aaeefa4" daemon [_thread_blocked, id=21080, stack(0x000000fe5cf00000,0x000000fe5d000000) (1024K)]
  0x00000285ef0b0340 JavaThread "Start Level: Equinox Container: 46cb6562-49c2-4e4a-b587-d5d75aaeefa4" daemon [_thread_blocked, id=17320, stack(0x000000fe5d100000,0x000000fe5d200000) (1024K)]
  0x00000285ef837080 JavaThread "SCR Component Actor"        daemon [_thread_blocked, id=20028, stack(0x000000fe5d200000,0x000000fe5d300000) (1024K)]
  0x00000285efad0b10 JavaThread "Worker-JM"                         [_thread_blocked, id=9588, stack(0x000000fe5d500000,0x000000fe5d600000) (1024K)]
  0x00000285efde30d0 JavaThread "JNA Cleaner"                daemon [_thread_blocked, id=14328, stack(0x000000fe5d600000,0x000000fe5d700000) (1024K)]
  0x00000285efde4120 JavaThread "Worker-0"                          [_thread_blocked, id=22152, stack(0x000000fe5d700000,0x000000fe5d800000) (1024K)]
  0x00000285ef194700 JavaThread "Worker-1"                          [_thread_blocked, id=25428, stack(0x000000fe5d800000,0x000000fe5d900000) (1024K)]
  0x00000285ef195ab0 JavaThread "Thread-2"                   daemon [_thread_in_native, id=20100, stack(0x000000fe5d900000,0x000000fe5da00000) (1024K)]
  0x00000285ef1974f0 JavaThread "Thread-3"                   daemon [_thread_in_native, id=5936, stack(0x000000fe5da00000,0x000000fe5db00000) (1024K)]
  0x00000285ef194d90 JavaThread "Thread-4"                   daemon [_thread_in_native, id=18400, stack(0x000000fe5db00000,0x000000fe5dc00000) (1024K)]
  0x00000285ef195420 JavaThread "Thread-5"                   daemon [_thread_in_native, id=19468, stack(0x000000fe5dc00000,0x000000fe5dd00000) (1024K)]
  0x00000285ef196140 JavaThread "Thread-6"                   daemon [_thread_in_native, id=22228, stack(0x000000fe5dd00000,0x000000fe5de00000) (1024K)]
  0x00000285ef1967d0 JavaThread "Thread-7"                   daemon [_thread_in_native, id=9428, stack(0x000000fe5de00000,0x000000fe5df00000) (1024K)]
  0x00000285ef197b80 JavaThread "Thread-8"                   daemon [_thread_in_native, id=10924, stack(0x000000fe5df00000,0x000000fe5e000000) (1024K)]
  0x00000285ef196e60 JavaThread "Thread-9"                   daemon [_thread_in_native, id=15180, stack(0x000000fe5e000000,0x000000fe5e100000) (1024K)]
  0x00000285f0cb3fe0 JavaThread "Thread-10"                  daemon [_thread_in_native, id=4748, stack(0x000000fe5e100000,0x000000fe5e200000) (1024K)]
  0x00000285f0cb7af0 JavaThread "pool-2-thread-1"                   [_thread_blocked, id=22316, stack(0x000000fe5e200000,0x000000fe5e300000) (1024K)]
  0x00000285f0cb8180 JavaThread "WorkspaceEventsHandler"            [_thread_blocked, id=21120, stack(0x000000fe5e400000,0x000000fe5e500000) (1024K)]
  0x00000285f0cba8e0 JavaThread "pool-1-thread-1"                   [_thread_blocked, id=23520, stack(0x000000fe5e500000,0x000000fe5e600000) (1024K)]
  0x00000285f0cb5a20 JavaThread "ForkJoinPool.commonPool-worker-1" daemon [_thread_blocked, id=2784, stack(0x000000fe5b800000,0x000000fe5b900000) (1024K)]
  0x00000285f0cb5390 JavaThread "pool-3-thread-1"                   [_thread_blocked, id=23468, stack(0x000000fe5b900000,0x000000fe5ba00000) (1024K)]
  0x00000285f0cbaf70 JavaThread "Worker-3"                          [_thread_blocked, id=25516, stack(0x000000fe5ba00000,0x000000fe5bb00000) (1024K)]
  0x00000285f0cb4670 JavaThread "Framework stop - Equinox Container: 46cb6562-49c2-4e4a-b587-d5d75aaeefa4"        [_thread_in_Java, id=12460, stack(0x000000fe5e600000,0x000000fe5e700000) (1024K)]
Total: 35

Other Threads:
  0x0000028593949a20 VMThread "VM Thread"                           [id=20212, stack(0x000000fe5be00000,0x000000fe5bf00000) (1024K)]
  0x00000285a7b5ca00 WatcherThread "VM Periodic Task Thread"        [id=9432, stack(0x000000fe5bd00000,0x000000fe5be00000) (1024K)]
  0x00000285938af8e0 WorkerThread "GC Thread#0"                     [id=22304, stack(0x000000fe5bc00000,0x000000fe5bd00000) (1024K)]
  0x00000285ef521e10 WorkerThread "GC Thread#1"                     [id=21612, stack(0x000000fe5c900000,0x000000fe5ca00000) (1024K)]
  0x00000285ef1ff930 WorkerThread "GC Thread#2"                     [id=1916, stack(0x000000fe5ca00000,0x000000fe5cb00000) (1024K)]
  0x00000285ef1ffcd0 WorkerThread "GC Thread#3"                     [id=24668, stack(0x000000fe5cb00000,0x000000fe5cc00000) (1024K)]
  0x00000285ef200070 WorkerThread "GC Thread#4"                     [id=9524, stack(0x000000fe5cc00000,0x000000fe5cd00000) (1024K)]
  0x00000285ef200410 WorkerThread "GC Thread#5"                     [id=24396, stack(0x000000fe5cd00000,0x000000fe5ce00000) (1024K)]
  0x00000285ef7fd310 WorkerThread "GC Thread#6"                     [id=9240, stack(0x000000fe5ce00000,0x000000fe5cf00000) (1024K)]
  0x00000285ef81e0f0 WorkerThread "GC Thread#7"                     [id=23420, stack(0x000000fe5d300000,0x000000fe5d400000) (1024K)]
Total: 10

Threads with active compile tasks:
C2 CompilerThread0  80177 4113   !   4       org.eclipse.core.internal.resources.SaveManager::lambda$4 (137 bytes)
Total: 1

VM state: not at safepoint (normal execution)

VM Mutex/Monitor currently owned by a thread: None

Heap address: 0x00000000c0000000, size: 1024 MB, Compressed Oops mode: 32-bit

CDS archive(s) mapped at: [0x00000285a8000000-0x00000285a8ba0000-0x00000285a8ba0000), size 12189696, SharedBaseAddress: 0x00000285a8000000, ArchiveRelocationMode: 1.
Compressed class space mapped at: 0x00000285a9000000-0x00000285e9000000, reserved size: 1073741824
Narrow klass base: 0x00000285a8000000, Narrow klass shift: 0, Narrow klass range: 0x100000000

GC Precious Log:
 CardTable entry size: 512
 CPUs: 8 total, 8 available
 Memory: 8029M
 Large Page Support: Disabled
 NUMA Support: Disabled
 Compressed Oops: Enabled (32-bit)
 Alignments: Space 512K, Generation 512K, Heap 2M
 Heap Min Capacity: 100M
 Heap Initial Capacity: 100M
 Heap Max Capacity: 1G
 Pre-touch: Disabled
 Parallel Workers: 8

Heap:
 PSYoungGen      total 27648K, used 18202K [0x00000000eab00000, 0x00000000eca00000, 0x0000000100000000)
  eden space 23552K, 60% used [0x00000000eab00000,0x00000000eb8eca88,0x00000000ec200000)
  from space 4096K, 96% used [0x00000000ec280000,0x00000000ec65a100,0x00000000ec680000)
  to   space 3584K, 0% used [0x00000000ec680000,0x00000000ec680000,0x00000000eca00000)
 ParOldGen       total 68608K, used 14259K [0x00000000c0000000, 0x00000000c4300000, 0x00000000eab00000)
  object space 68608K, 20% used [0x00000000c0000000,0x00000000c0decf18,0x00000000c4300000)
 Metaspace       used 30785K, committed 31616K, reserved 1114112K
  class space    used 3001K, committed 3328K, reserved 1048576K

Card table byte_map: [0x0000028593240000,0x0000028593450000] _byte_map_base: 0x0000028592c40000

Marking Bits: (ParMarkBitMap*) 0x00007ffcf5233260
 Begin Bits: [0x00000285a5a80000, 0x00000285a6a80000)
 End Bits:   [0x00000285a6a80000, 0x00000285a7a80000)

Polling page: 0x0000028591770000

Metaspace:

Usage:
  Non-class:     27.13 MB used.
      Class:      2.93 MB used.
       Both:     30.06 MB used.

Virtual space:
  Non-class space:       64.00 MB reserved,      27.62 MB ( 43%) committed,  1 nodes.
      Class space:        1.00 GB reserved,       3.25 MB ( <1%) committed,  1 nodes.
             Both:        1.06 GB reserved,      30.88 MB (  3%) committed. 

Chunk freelists:
   Non-Class:  3.73 MB
       Class:  12.78 MB
        Both:  16.52 MB

MaxMetaspaceSize: unlimited
CompressedClassSpaceSize: 1.00 GB
Initial GC threshold: 21.00 MB
Current GC threshold: 35.00 MB
CDS: on
 - commit_granule_bytes: 65536.
 - commit_granule_words: 8192.
 - virtual_space_node_default_size: 8388608.
 - enlarge_chunks_in_place: 1.
 - use_allocation_guard: 0.


Internal statistics:

num_allocs_failed_limit: 3.
num_arena_births: 570.
num_arena_deaths: 14.
num_vsnodes_births: 2.
num_vsnodes_deaths: 0.
num_space_committed: 494.
num_space_uncommitted: 0.
num_chunks_returned_to_freelist: 17.
num_chunks_taken_from_freelist: 1770.
num_chunk_merges: 9.
num_chunk_splits: 1156.
num_chunks_enlarged: 732.
num_inconsistent_stats: 0.

CodeHeap 'non-profiled nmethods': size=120000Kb used=2189Kb max_used=2189Kb free=117810Kb
 bounds [0x000002859e550000, 0x000002859e7c0000, 0x00000285a5a80000]
CodeHeap 'profiled nmethods': size=120000Kb used=8267Kb max_used=8267Kb free=111732Kb
 bounds [0x0000028596a80000, 0x00000285972a0000, 0x000002859dfb0000]
CodeHeap 'non-nmethods': size=5760Kb used=1349Kb max_used=1443Kb free=4410Kb
 bounds [0x000002859dfb0000, 0x000002859e220000, 0x000002859e550000]
 total_blobs=4786 nmethods=4142 adapters=550
 compilation: enabled
              stopped_count=0, restarted_count=0
 full_count=0

Compilation events (20 events):
Event: 79.859 Thread 0x00000285ea6928c0 4136       3       com.sun.org.apache.xerces.internal.util.ParserConfigurationSettings::addRecognizedFeatures (56 bytes)
Event: 79.860 Thread 0x00000285ea6928c0 nmethod 4136 0x000002859728e510 code [0x000002859728e6e0, 0x000002859728eb08]
Event: 79.860 Thread 0x00000285ea6928c0 4137       3       com.sun.org.apache.xerces.internal.impl.XMLDocumentScannerImpl::getFeatureDefault (40 bytes)
Event: 79.860 Thread 0x00000285ea6928c0 nmethod 4137 0x000002859728ed10 code [0x000002859728eee0, 0x000002859728f1b0]
Event: 79.860 Thread 0x00000285ea6928c0 4138       3       com.sun.org.apache.xerces.internal.dom.NodeImpl::isNormalized (55 bytes)
Event: 79.861 Thread 0x00000285ea6928c0 nmethod 4138 0x000002859728f310 code [0x000002859728f4e0, 0x000002859728f808]
Event: 79.861 Thread 0x00000285ea6928c0 4139       3       java.util.Locale::getDefault (4 bytes)
Event: 79.861 Thread 0x00000285ea6928c0 nmethod 4139 0x000002859728f910 code [0x000002859728faa0, 0x000002859728fb98]
Event: 79.861 Thread 0x00000285ea6928c0 4140       3       com.sun.org.apache.xml.internal.serializer.WriterToUTF8Buffered::write (296 bytes)
Event: 79.861 Thread 0x00000285ea6928c0 nmethod 4140 0x000002859728fc10 code [0x000002859728fe20, 0x0000028597290458]
Event: 79.867 Thread 0x00000285ea6928c0 4141       3       org.eclipse.core.runtime.ServiceCaller$ReferenceAndService::bundleChanged (32 bytes)
Event: 79.868 Thread 0x00000285ea6928c0 nmethod 4141 0x0000028597290710 code [0x0000028597290940, 0x0000028597291098]
Event: 79.868 Thread 0x00000285ea6928c0 4142  s    3       org.eclipse.core.internal.registry.RegistryObjectManager::add (49 bytes)
Event: 79.869 Thread 0x00000285ea6928c0 nmethod 4142 0x0000028597291490 code [0x0000028597291660, 0x0000028597291ba0]
Event: 79.997 Thread 0x00000285ea6928c0 4144       3       java.lang.invoke.VarHandleReferences$FieldInstanceReadWrite::compareAndSet (48 bytes)
Event: 79.999 Thread 0x00000285ea6928c0 nmethod 4144 0x0000028597291d90 code [0x0000028597292000, 0x0000028597292998]
Event: 80.029 Thread 0x00000285ea6928c0 4145       1       org.eclipse.core.internal.jobs.InternalJob::getStartTime (5 bytes)
Event: 80.029 Thread 0x00000285ea6928c0 nmethod 4145 0x000002859e768490 code [0x000002859e768620, 0x000002859e7686f0]
Event: 80.043 Thread 0x00000285a7c4af70 nmethod 4112 0x000002859e768790 code [0x000002859e768d80, 0x000002859e76fb48]
Event: 80.044 Thread 0x00000285a7c4af70 4113   !   4       org.eclipse.core.internal.resources.SaveManager::lambda$4 (137 bytes)

GC Heap History (20 events):
Event: 2.409 GC heap before
{Heap before GC invocations=1 (full 0):
 PSYoungGen      total 29696K, used 25600K [0x00000000eab00000, 0x00000000ecc00000, 0x0000000100000000)
  eden space 25600K, 100% used [0x00000000eab00000,0x00000000ec400000,0x00000000ec400000)
  from space 4096K, 0% used [0x00000000ec800000,0x00000000ec800000,0x00000000ecc00000)
  to   space 4096K, 0% used [0x00000000ec400000,0x00000000ec400000,0x00000000ec800000)
 ParOldGen       total 68608K, used 0K [0x00000000c0000000, 0x00000000c4300000, 0x00000000eab00000)
  object space 68608K, 0% used [0x00000000c0000000,0x00000000c0000000,0x00000000c4300000)
 Metaspace       used 4347K, committed 4544K, reserved 1114112K
  class space    used 438K, committed 512K, reserved 1048576K
}
Event: 2.424 GC heap after
{Heap after GC invocations=1 (full 0):
 PSYoungGen      total 29696K, used 3246K [0x00000000eab00000, 0x00000000ecc00000, 0x0000000100000000)
  eden space 25600K, 0% used [0x00000000eab00000,0x00000000eab00000,0x00000000ec400000)
  from space 4096K, 79% used [0x00000000ec400000,0x00000000ec72baa0,0x00000000ec800000)
  to   space 4096K, 0% used [0x00000000ec800000,0x00000000ec800000,0x00000000ecc00000)
 ParOldGen       total 68608K, used 8K [0x00000000c0000000, 0x00000000c4300000, 0x00000000eab00000)
  object space 68608K, 0% used [0x00000000c0000000,0x00000000c0002000,0x00000000c4300000)
 Metaspace       used 4347K, committed 4544K, reserved 1114112K
  class space    used 438K, committed 512K, reserved 1048576K
}
Event: 4.353 GC heap before
{Heap before GC invocations=2 (full 0):
 PSYoungGen      total 29696K, used 28846K [0x00000000eab00000, 0x00000000ecc00000, 0x0000000100000000)
  eden space 25600K, 100% used [0x00000000eab00000,0x00000000ec400000,0x00000000ec400000)
  from space 4096K, 79% used [0x00000000ec400000,0x00000000ec72baa0,0x00000000ec800000)
  to   space 4096K, 0% used [0x00000000ec800000,0x00000000ec800000,0x00000000ecc00000)
 ParOldGen       total 68608K, used 8K [0x00000000c0000000, 0x00000000c4300000, 0x00000000eab00000)
  object space 68608K, 0% used [0x00000000c0000000,0x00000000c0002000,0x00000000c4300000)
 Metaspace       used 8223K, committed 8512K, reserved 1114112K
  class space    used 816K, committed 960K, reserved 1048576K
}
Event: 4.361 GC heap after
{Heap after GC invocations=2 (full 0):
 PSYoungGen      total 29696K, used 4084K [0x00000000eab00000, 0x00000000ecc00000, 0x0000000100000000)
  eden space 25600K, 0% used [0x00000000eab00000,0x00000000eab00000,0x00000000ec400000)
  from space 4096K, 99% used [0x00000000ec800000,0x00000000ecbfd168,0x00000000ecc00000)
  to   space 4096K, 0% used [0x00000000ec400000,0x00000000ec400000,0x00000000ec800000)
 ParOldGen       total 68608K, used 867K [0x00000000c0000000, 0x00000000c4300000, 0x00000000eab00000)
  object space 68608K, 1% used [0x00000000c0000000,0x00000000c00d8eb8,0x00000000c4300000)
 Metaspace       used 8223K, committed 8512K, reserved 1114112K
  class space    used 816K, committed 960K, reserved 1048576K
}
Event: 6.229 GC heap before
{Heap before GC invocations=3 (full 0):
 PSYoungGen      total 29696K, used 29672K [0x00000000eab00000, 0x00000000ecc00000, 0x0000000100000000)
  eden space 25600K, 99% used [0x00000000eab00000,0x00000000ec3fd198,0x00000000ec400000)
  from space 4096K, 99% used [0x00000000ec800000,0x00000000ecbfd168,0x00000000ecc00000)
  to   space 4096K, 0% used [0x00000000ec400000,0x00000000ec400000,0x00000000ec800000)
 ParOldGen       total 68608K, used 867K [0x00000000c0000000, 0x00000000c4300000, 0x00000000eab00000)
  object space 68608K, 1% used [0x00000000c0000000,0x00000000c00d8eb8,0x00000000c4300000)
 Metaspace       used 12907K, committed 13440K, reserved 1114112K
  class space    used 1298K, committed 1536K, reserved 1048576K
}
Event: 6.237 GC heap after
{Heap after GC invocations=3 (full 0):
 PSYoungGen      total 29696K, used 4086K [0x00000000eab00000, 0x00000000ecc00000, 0x0000000100000000)
  eden space 25600K, 0% used [0x00000000eab00000,0x00000000eab00000,0x00000000ec400000)
  from space 4096K, 99% used [0x00000000ec400000,0x00000000ec7fdbb8,0x00000000ec800000)
  to   space 4096K, 0% used [0x00000000ec800000,0x00000000ec800000,0x00000000ecc00000)
 ParOldGen       total 68608K, used 2722K [0x00000000c0000000, 0x00000000c4300000, 0x00000000eab00000)
  object space 68608K, 3% used [0x00000000c0000000,0x00000000c02a8a00,0x00000000c4300000)
 Metaspace       used 12907K, committed 13440K, reserved 1114112K
  class space    used 1298K, committed 1536K, reserved 1048576K
}
Event: 7.749 GC heap before
{Heap before GC invocations=4 (full 0):
 PSYoungGen      total 29696K, used 29686K [0x00000000eab00000, 0x00000000ecc00000, 0x0000000100000000)
  eden space 25600K, 100% used [0x00000000eab00000,0x00000000ec400000,0x00000000ec400000)
  from space 4096K, 99% used [0x00000000ec400000,0x00000000ec7fdbb8,0x00000000ec800000)
  to   space 4096K, 0% used [0x00000000ec800000,0x00000000ec800000,0x00000000ecc00000)
 ParOldGen       total 68608K, used 2722K [0x00000000c0000000, 0x00000000c4300000, 0x00000000eab00000)
  object space 68608K, 3% used [0x00000000c0000000,0x00000000c02a8a00,0x00000000c4300000)
 Metaspace       used 15371K, committed 16000K, reserved 1114112K
  class space    used 1555K, committed 1856K, reserved 1048576K
}
Event: 7.759 GC heap after
{Heap after GC invocations=4 (full 0):
 PSYoungGen      total 29696K, used 4083K [0x00000000eab00000, 0x00000000ecc00000, 0x0000000100000000)
  eden space 25600K, 0% used [0x00000000eab00000,0x00000000eab00000,0x00000000ec400000)
  from space 4096K, 99% used [0x00000000ec800000,0x00000000ecbfcf80,0x00000000ecc00000)
  to   space 4096K, 0% used [0x00000000ec400000,0x00000000ec400000,0x00000000ec800000)
 ParOldGen       total 68608K, used 8476K [0x00000000c0000000, 0x00000000c4300000, 0x00000000eab00000)
  object space 68608K, 12% used [0x00000000c0000000,0x00000000c0847278,0x00000000c4300000)
 Metaspace       used 15371K, committed 16000K, reserved 1114112K
  class space    used 1555K, committed 1856K, reserved 1048576K
}
Event: 8.594 GC heap before
{Heap before GC invocations=5 (full 0):
 PSYoungGen      total 29696K, used 29683K [0x00000000eab00000, 0x00000000ecc00000, 0x0000000100000000)
  eden space 25600K, 100% used [0x00000000eab00000,0x00000000ec400000,0x00000000ec400000)
  from space 4096K, 99% used [0x00000000ec800000,0x00000000ecbfcf80,0x00000000ecc00000)
  to   space 4096K, 0% used [0x00000000ec400000,0x00000000ec400000,0x00000000ec800000)
 ParOldGen       total 68608K, used 8476K [0x00000000c0000000, 0x00000000c4300000, 0x00000000eab00000)
  object space 68608K, 12% used [0x00000000c0000000,0x00000000c0847278,0x00000000c4300000)
 Metaspace       used 18556K, committed 19200K, reserved 1114112K
  class space    used 1768K, committed 2048K, reserved 1048576K
}
Event: 8.606 GC heap after
{Heap after GC invocations=5 (full 0):
 PSYoungGen      total 29184K, used 4085K [0x00000000eab00000, 0x00000000ed080000, 0x0000000100000000)
  eden space 25088K, 0% used [0x00000000eab00000,0x00000000eab00000,0x00000000ec380000)
  from space 4096K, 99% used [0x00000000ec400000,0x00000000ec7fd7d8,0x00000000ec800000)
  to   space 6656K, 0% used [0x00000000eca00000,0x00000000eca00000,0x00000000ed080000)
 ParOldGen       total 68608K, used 9102K [0x00000000c0000000, 0x00000000c4300000, 0x00000000eab00000)
  object space 68608K, 13% used [0x00000000c0000000,0x00000000c08e3898,0x00000000c4300000)
 Metaspace       used 18556K, committed 19200K, reserved 1114112K
  class space    used 1768K, committed 2048K, reserved 1048576K
}
Event: 8.919 GC heap before
{Heap before GC invocations=6 (full 0):
 PSYoungGen      total 29184K, used 19040K [0x00000000eab00000, 0x00000000ed080000, 0x0000000100000000)
  eden space 25088K, 59% used [0x00000000eab00000,0x00000000eb99ab20,0x00000000ec380000)
  from space 4096K, 99% used [0x00000000ec400000,0x00000000ec7fd7d8,0x00000000ec800000)
  to   space 6656K, 0% used [0x00000000eca00000,0x00000000eca00000,0x00000000ed080000)
 ParOldGen       total 68608K, used 9102K [0x00000000c0000000, 0x00000000c4300000, 0x00000000eab00000)
  object space 68608K, 13% used [0x00000000c0000000,0x00000000c08e3898,0x00000000c4300000)
 Metaspace       used 20855K, committed 21504K, reserved 1114112K
  class space    used 1962K, committed 2240K, reserved 1048576K
}
Event: 8.925 GC heap after
{Heap after GC invocations=6 (full 0):
 PSYoungGen      total 29696K, used 4343K [0x00000000eab00000, 0x00000000ece80000, 0x0000000100000000)
  eden space 25088K, 0% used [0x00000000eab00000,0x00000000eab00000,0x00000000ec380000)
  from space 4608K, 94% used [0x00000000eca00000,0x00000000ece3de00,0x00000000ece80000)
  to   space 5120K, 0% used [0x00000000ec480000,0x00000000ec480000,0x00000000ec980000)
 ParOldGen       total 68608K, used 9110K [0x00000000c0000000, 0x00000000c4300000, 0x00000000eab00000)
  object space 68608K, 13% used [0x00000000c0000000,0x00000000c08e5898,0x00000000c4300000)
 Metaspace       used 20855K, committed 21504K, reserved 1114112K
  class space    used 1962K, committed 2240K, reserved 1048576K
}
Event: 8.925 GC heap before
{Heap before GC invocations=7 (full 1):
 PSYoungGen      total 29696K, used 4343K [0x00000000eab00000, 0x00000000ece80000, 0x0000000100000000)
  eden space 25088K, 0% used [0x00000000eab00000,0x00000000eab00000,0x00000000ec380000)
  from space 4608K, 94% used [0x00000000eca00000,0x00000000ece3de00,0x00000000ece80000)
  to   space 5120K, 0% used [0x00000000ec480000,0x00000000ec480000,0x00000000ec980000)
 ParOldGen       total 68608K, used 9110K [0x00000000c0000000, 0x00000000c4300000, 0x00000000eab00000)
  object space 68608K, 13% used [0x00000000c0000000,0x00000000c08e5898,0x00000000c4300000)
 Metaspace       used 20855K, committed 21504K, reserved 1114112K
  class space    used 1962K, committed 2240K, reserved 1048576K
}
Event: 8.975 GC heap after
{Heap after GC invocations=7 (full 1):
 PSYoungGen      total 29696K, used 0K [0x00000000eab00000, 0x00000000ece80000, 0x0000000100000000)
  eden space 25088K, 0% used [0x00000000eab00000,0x00000000eab00000,0x00000000ec380000)
  from space 4608K, 0% used [0x00000000eca00000,0x00000000eca00000,0x00000000ece80000)
  to   space 5120K, 0% used [0x00000000ec480000,0x00000000ec480000,0x00000000ec980000)
 ParOldGen       total 68608K, used 13054K [0x00000000c0000000, 0x00000000c4300000, 0x00000000eab00000)
  object space 68608K, 19% used [0x00000000c0000000,0x00000000c0cbf9a8,0x00000000c4300000)
 Metaspace       used 20842K, committed 21504K, reserved 1114112K
  class space    used 1958K, committed 2240K, reserved 1048576K
}
Event: 10.208 GC heap before
{Heap before GC invocations=8 (full 1):
 PSYoungGen      total 29696K, used 25088K [0x00000000eab00000, 0x00000000ece80000, 0x0000000100000000)
  eden space 25088K, 100% used [0x00000000eab00000,0x00000000ec380000,0x00000000ec380000)
  from space 4608K, 0% used [0x00000000eca00000,0x00000000eca00000,0x00000000ece80000)
  to   space 5120K, 0% used [0x00000000ec480000,0x00000000ec480000,0x00000000ec980000)
 ParOldGen       total 68608K, used 13054K [0x00000000c0000000, 0x00000000c4300000, 0x00000000eab00000)
  object space 68608K, 19% used [0x00000000c0000000,0x00000000c0cbf9a8,0x00000000c4300000)
 Metaspace       used 22841K, committed 23552K, reserved 1114112K
  class space    used 2117K, committed 2432K, reserved 1048576K
}
Event: 10.212 GC heap after
{Heap after GC invocations=8 (full 1):
 PSYoungGen      total 27648K, used 2615K [0x00000000eab00000, 0x00000000eca80000, 0x0000000100000000)
  eden space 24576K, 0% used [0x00000000eab00000,0x00000000eab00000,0x00000000ec300000)
  from space 3072K, 85% used [0x00000000ec480000,0x00000000ec70de50,0x00000000ec780000)
  to   space 3072K, 0% used [0x00000000ec780000,0x00000000ec780000,0x00000000eca80000)
 ParOldGen       total 68608K, used 13062K [0x00000000c0000000, 0x00000000c4300000, 0x00000000eab00000)
  object space 68608K, 19% used [0x00000000c0000000,0x00000000c0cc19a8,0x00000000c4300000)
 Metaspace       used 22841K, committed 23552K, reserved 1114112K
  class space    used 2117K, committed 2432K, reserved 1048576K
}
Event: 12.117 GC heap before
{Heap before GC invocations=9 (full 1):
 PSYoungGen      total 27648K, used 27191K [0x00000000eab00000, 0x00000000eca80000, 0x0000000100000000)
  eden space 24576K, 100% used [0x00000000eab00000,0x00000000ec300000,0x00000000ec300000)
  from space 3072K, 85% used [0x00000000ec480000,0x00000000ec70de50,0x00000000ec780000)
  to   space 3072K, 0% used [0x00000000ec780000,0x00000000ec780000,0x00000000eca80000)
 ParOldGen       total 68608K, used 13062K [0x00000000c0000000, 0x00000000c4300000, 0x00000000eab00000)
  object space 68608K, 19% used [0x00000000c0000000,0x00000000c0cc19a8,0x00000000c4300000)
 Metaspace       used 25974K, committed 26816K, reserved 1114112K
  class space    used 2442K, committed 2752K, reserved 1048576K
}
Event: 12.122 GC heap after
{Heap after GC invocations=9 (full 1):
 PSYoungGen      total 27136K, used 3060K [0x00000000eab00000, 0x00000000ecb80000, 0x0000000100000000)
  eden space 24064K, 0% used [0x00000000eab00000,0x00000000eab00000,0x00000000ec280000)
  from space 3072K, 99% used [0x00000000ec780000,0x00000000eca7d1e8,0x00000000eca80000)
  to   space 4608K, 0% used [0x00000000ec280000,0x00000000ec280000,0x00000000ec700000)
 ParOldGen       total 68608K, used 14251K [0x00000000c0000000, 0x00000000c4300000, 0x00000000eab00000)
  object space 68608K, 20% used [0x00000000c0000000,0x00000000c0deaf18,0x00000000c4300000)
 Metaspace       used 25974K, committed 26816K, reserved 1114112K
  class space    used 2442K, committed 2752K, reserved 1048576K
}
Event: 13.712 GC heap before
{Heap before GC invocations=10 (full 1):
 PSYoungGen      total 27136K, used 27124K [0x00000000eab00000, 0x00000000ecb80000, 0x0000000100000000)
  eden space 24064K, 100% used [0x00000000eab00000,0x00000000ec280000,0x00000000ec280000)
  from space 3072K, 99% used [0x00000000ec780000,0x00000000eca7d1e8,0x00000000eca80000)
  to   space 4608K, 0% used [0x00000000ec280000,0x00000000ec280000,0x00000000ec700000)
 ParOldGen       total 68608K, used 14251K [0x00000000c0000000, 0x00000000c4300000, 0x00000000eab00000)
  object space 68608K, 20% used [0x00000000c0000000,0x00000000c0deaf18,0x00000000c4300000)
 Metaspace       used 29069K, committed 29888K, reserved 1114112K
  class space    used 2792K, committed 3136K, reserved 1048576K
}
Event: 13.724 GC heap after
{Heap after GC invocations=10 (full 1):
 PSYoungGen      total 27648K, used 3944K [0x00000000eab00000, 0x00000000eca00000, 0x0000000100000000)
  eden space 23552K, 0% used [0x00000000eab00000,0x00000000eab00000,0x00000000ec200000)
  from space 4096K, 96% used [0x00000000ec280000,0x00000000ec65a100,0x00000000ec680000)
  to   space 3584K, 0% used [0x00000000ec680000,0x00000000ec680000,0x00000000eca00000)
 ParOldGen       total 68608K, used 14259K [0x00000000c0000000, 0x00000000c4300000, 0x00000000eab00000)
  object space 68608K, 20% used [0x00000000c0000000,0x00000000c0decf18,0x00000000c4300000)
 Metaspace       used 29069K, committed 29888K, reserved 1114112K
  class space    used 2792K, committed 3136K, reserved 1048576K
}

Dll operation events (10 events):
Event: 0.021 Loaded shared library c:\Users\yasit\.vscode\extensions\redhat.java-1.41.1-win32-x64\jre\21.0.6-win32-x86_64\bin\java.dll
Event: 0.297 Loaded shared library c:\Users\yasit\.vscode\extensions\redhat.java-1.41.1-win32-x64\jre\21.0.6-win32-x86_64\bin\zip.dll
Event: 0.358 Loaded shared library C:\Users\yasit\.vscode\extensions\redhat.java-1.41.1-win32-x64\jre\21.0.6-win32-x86_64\bin\instrument.dll
Event: 0.368 Loaded shared library C:\Users\yasit\.vscode\extensions\redhat.java-1.41.1-win32-x64\jre\21.0.6-win32-x86_64\bin\net.dll
Event: 0.373 Loaded shared library C:\Users\yasit\.vscode\extensions\redhat.java-1.41.1-win32-x64\jre\21.0.6-win32-x86_64\bin\nio.dll
Event: 0.385 Loaded shared library C:\Users\yasit\.vscode\extensions\redhat.java-1.41.1-win32-x64\jre\21.0.6-win32-x86_64\bin\zip.dll
Event: 0.429 Loaded shared library C:\Users\yasit\.vscode\extensions\redhat.java-1.41.1-win32-x64\jre\21.0.6-win32-x86_64\bin\jimage.dll
Event: 0.647 Loaded shared library c:\Users\yasit\.vscode\extensions\redhat.java-1.41.1-win32-x64\jre\21.0.6-win32-x86_64\bin\verify.dll
Event: 4.204 Loaded shared library C:\Users\yasit\AppData\Roaming\Code\User\globalStorage\redhat.java\1.41.1\config_ss_win\org.eclipse.equinox.launcher\org.eclipse.equinox.launcher.win32.win32.x86_64_1.2.1300.v20250331-1702\eclipse_11911.dll
Event: 7.590 Loaded shared library C:\Users\yasit\AppData\Local\Temp\jna-114749654\jna13240614539053189135.dll

Deoptimization events (20 events):
Event: 79.493 Thread 0x00000285f0cb6dd0 DEOPT UNPACKING pc=0x000002859e003aa2 sp=0x000000fe5e7fe8a0 mode 2
Event: 79.493 Thread 0x00000285f0cb6dd0 Uncommon trap: trap_request=0xffffffc6 fr.pc=0x000002859e73dfa8 relative=0x0000000000002ca8
Event: 79.493 Thread 0x00000285f0cb6dd0 Uncommon trap: reason=bimorphic_or_optimized_type_check action=maybe_recompile pc=0x000002859e73dfa8 method=org.eclipse.core.internal.watson.ElementTreeIterator.doIteration(Lorg/eclipse/core/internal/dtree/DataTreeNode;Lorg/eclipse/core/internal/watson/IE
Event: 79.493 Thread 0x00000285f0cb6dd0 DEOPT PACKING pc=0x000002859e73dfa8 sp=0x000000fe5e7fe870
Event: 79.493 Thread 0x00000285f0cb6dd0 DEOPT UNPACKING pc=0x000002859e003aa2 sp=0x000000fe5e7fe8a0 mode 2
Event: 79.499 Thread 0x00000285f0cb6dd0 Uncommon trap: trap_request=0xffffff45 fr.pc=0x000002859e74be90 relative=0x00000000000010d0
Event: 79.499 Thread 0x00000285f0cb6dd0 Uncommon trap: reason=unstable_if action=reinterpret pc=0x000002859e74be90 method=java.io.DataOutputStream.writeUTF(Ljava/lang/String;Ljava/io/DataOutput;)I @ 101 c2
Event: 79.499 Thread 0x00000285f0cb6dd0 DEOPT PACKING pc=0x000002859e74be90 sp=0x000000fe5e7fe200
Event: 79.499 Thread 0x00000285f0cb6dd0 DEOPT UNPACKING pc=0x000002859e003aa2 sp=0x000000fe5e7fe1d0 mode 2
Event: 79.739 Thread 0x00000285f0cba8e0 Uncommon trap: trap_request=0x0000002e fr.pc=0x000002859e71df70 relative=0x0000000000000490
Event: 79.739 Thread 0x00000285f0cba8e0 Uncommon trap: reason=unloaded action=reinterpret pc=0x000002859e71df70 method=org.eclipse.jdt.ls.core.internal.ConnectionStreamFactory$NamedPipeInputStream.read()I @ 119 c2
Event: 79.739 Thread 0x00000285f0cba8e0 DEOPT PACKING pc=0x000002859e71df70 sp=0x000000fe5e5ff0b0
Event: 79.739 Thread 0x00000285f0cba8e0 DEOPT UNPACKING pc=0x000002859e003aa2 sp=0x000000fe5e5ff050 mode 2
Event: 79.922 Thread 0x00000285f0cb4670 DEOPT PACKING pc=0x0000028596f0e2be sp=0x000000fe5e6fdec0
Event: 79.922 Thread 0x00000285f0cb4670 DEOPT UNPACKING pc=0x000002859e004242 sp=0x000000fe5e6fd400 mode 0
Event: 79.983 Thread 0x00000285f0cb4670 Uncommon trap: trap_request=0xffffff45 fr.pc=0x000002859e743d50 relative=0x0000000000000270
Event: 79.983 Thread 0x00000285f0cb4670 Uncommon trap: reason=unstable_if action=reinterpret pc=0x000002859e743d50 method=java.util.HashMap.removeNode(ILjava/lang/Object;Ljava/lang/Object;ZZ)Ljava/util/HashMap$Node; @ 168 c2
Event: 79.983 Thread 0x00000285f0cb4670 DEOPT PACKING pc=0x000002859e743d50 sp=0x000000fe5e6fe960
Event: 79.983 Thread 0x00000285f0cb4670 DEOPT UNPACKING pc=0x000002859e003aa2 sp=0x000000fe5e6fe860 mode 2
Event: 80.126 Thread 0x00000285f0cb4670 Uncommon trap: trap_request=0xffffff45 fr.pc=0x000002859e58c764 relative=0x0000000000000324

Classes loaded (20 events):
Event: 79.754 Loading class java/lang/Throwable$PrintStreamOrWriter done
Event: 79.754 Loading class java/lang/Throwable$WrappedPrintWriter done
Event: 79.755 Loading class java/util/logging/Level$RbAccess
Event: 79.755 Loading class java/util/logging/Level$RbAccess done
Event: 79.755 Loading class sun/util/logging/resources/logging
Event: 79.755 Loading class sun/util/logging/resources/logging done
Event: 79.755 Loading class sun/util/logging/resources/logging_en
Event: 79.755 Loading class sun/util/logging/resources/logging_en done
Event: 79.755 Loading class sun/util/logging/resources/logging_en
Event: 79.755 Loading class sun/util/logging/resources/logging_en done
Event: 79.756 Loading class sun/util/logging/resources/logging_en_US
Event: 79.756 Loading class sun/util/logging/resources/logging_en_US done
Event: 79.756 Loading class sun/util/logging/resources/logging_en_US
Event: 79.756 Loading class sun/util/logging/resources/logging_en_US done
Event: 79.756 Loading class java/util/Formatter$DateTime
Event: 79.756 Loading class java/util/Formatter$DateTime done
Event: 79.756 Loading class java/time/ZonedDateTime$1
Event: 79.756 Loading class java/time/ZonedDateTime$1 done
Event: 79.957 Loading class java/util/Hashtable$KeySet
Event: 79.957 Loading class java/util/Hashtable$KeySet done

Classes unloaded (7 events):
Event: 8.935 Thread 0x0000028593949a20 Unloading class 0x00000285a918ac00 'java/lang/invoke/LambdaForm$MH+0x00000285a918ac00'
Event: 8.935 Thread 0x0000028593949a20 Unloading class 0x00000285a918a800 'java/lang/invoke/LambdaForm$MH+0x00000285a918a800'
Event: 8.935 Thread 0x0000028593949a20 Unloading class 0x00000285a918a400 'java/lang/invoke/LambdaForm$MH+0x00000285a918a400'
Event: 8.935 Thread 0x0000028593949a20 Unloading class 0x00000285a918a000 'java/lang/invoke/LambdaForm$MH+0x00000285a918a000'
Event: 8.935 Thread 0x0000028593949a20 Unloading class 0x00000285a9189c00 'java/lang/invoke/LambdaForm$BMH+0x00000285a9189c00'
Event: 8.935 Thread 0x0000028593949a20 Unloading class 0x00000285a9189800 'java/lang/invoke/LambdaForm$DMH+0x00000285a9189800'
Event: 8.935 Thread 0x0000028593949a20 Unloading class 0x00000285a9188400 'java/lang/invoke/LambdaForm$DMH+0x00000285a9188400'

Classes redefined (0 events):
No events

Internal exceptions (20 events):
Event: 12.591 Thread 0x00000285938924f0 Exception <a 'java/lang/IncompatibleClassChangeError'{0x00000000ebcc3858}: Found class java.lang.Object, but interface was expected> (0x00000000ebcc3858) 
thrown [s\src\hotspot\share\interpreter\linkResolver.cpp, line 840]
Event: 12.592 Thread 0x00000285938924f0 Exception <a 'java/lang/IncompatibleClassChangeError'{0x00000000ebcc5520}: Found class java.lang.Object, but interface was expected> (0x00000000ebcc5520) 
thrown [s\src\hotspot\share\interpreter\linkResolver.cpp, line 840]
Event: 12.629 Thread 0x00000285ef194700 Exception <a 'java/lang/NoSuchMethodError'{0x00000000ebde47a8}: 'void java.lang.invoke.DirectMethodHandle$Holder.invokeStaticInit(java.lang.Object, java.lang.Object, java.lang.Object)'> (0x00000000ebde47a8) 
thrown [s\src\hotspot\share\interpreter\linkResolver.cpp, line 773]
Event: 13.890 Thread 0x00000285f0cba8e0 Exception <a 'java/lang/NoSuchMethodError'{0x00000000eacff3a0}: 'java.lang.Object java.lang.invoke.DirectMethodHandle$Holder.invokeInterface(java.lang.Object, java.lang.Object, java.lang.Object)'> (0x00000000eacff3a0) 
thrown [s\src\hotspot\share\interpreter\linkResolver.cpp, line 773]
Event: 13.923 Thread 0x00000285f0cba8e0 Exception <a 'java/io/FileNotFoundException'{0x00000000ead8b738}> (0x00000000ead8b738) 
thrown [s\src\hotspot\share\prims\jni.cpp, line 520]
Event: 13.983 Thread 0x00000285f0cba8e0 Exception <a 'sun/nio/fs/WindowsException'{0x00000000eaf010b8}> (0x00000000eaf010b8) 
thrown [s\src\hotspot\share\prims\jni.cpp, line 520]
Event: 15.032 Thread 0x00000285f0cba8e0 Exception <a 'java/lang/IncompatibleClassChangeError'{0x00000000eb1f54b8}: Found class java.lang.Object, but interface was expected> (0x00000000eb1f54b8) 
thrown [s\src\hotspot\share\interpreter\linkResolver.cpp, line 840]
Event: 79.046 Thread 0x00000285f0cba8e0 Exception <a 'java/lang/NoSuchMethodError'{0x00000000eb4449b0}: 'void java.lang.invoke.DirectMethodHandle$Holder.invokeInterface(java.lang.Object, java.lang.Object)'> (0x00000000eb4449b0) 
thrown [s\src\hotspot\share\interpreter\linkResolver.cpp, line 773]
Event: 79.187 Thread 0x00000285ef194700 Exception <a 'java/io/FileNotFoundException'{0x00000000eb56b8f8}> (0x00000000eb56b8f8) 
thrown [s\src\hotspot\share\prims\jni.cpp, line 520]
Event: 79.380 Thread 0x00000285ef194700 Exception <a 'java/lang/NoSuchMethodError'{0x00000000eb660e78}: 'java.lang.Object java.lang.invoke.DirectMethodHandle$Holder.newInvokeSpecial(java.lang.Object, java.lang.Object, java.lang.Object, java.lang.Object, java.lang.Object, java.lang.Object, java.lang.Object, java.lang.Object, java.lang.Object, java.lang.Object)'> (0x00000000eb660e78) 
thrown [s\src\hotspot\share\interpreter\linkResolver.cpp, line 773]
Event: 79.499 Thread 0x00000285f0cb6dd0 Implicit null exception at 0x000002859e74ae96 to 0x000002859e74be74
Event: 79.717 Thread 0x00000285ef194700 Exception <a 'sun/nio/fs/WindowsException'{0x00000000eb75d1b8}> (0x00000000eb75d1b8) 
thrown [s\src\hotspot\share\prims\jni.cpp, line 520]
Event: 79.738 Thread 0x00000285f0cba8e0 Exception <a 'java/io/IOException'{0x00000000eb48d668}> (0x00000000eb48d668) 
thrown [s\src\hotspot\share\prims\jni.cpp, line 520]
Event: 79.755 Thread 0x00000285f0cba8e0 Exception <a 'java/lang/ClassNotFoundException'{0x00000000eb81a9d0}: sun/util/logging/resources/spi/loggingProvider> (0x00000000eb81a9d0) 
thrown [s\src\hotspot\share\classfile\systemDictionary.cpp, line 312]
Event: 79.858 Thread 0x00000285f0cb4670 Exception <a 'sun/nio/fs/WindowsException'{0x00000000eb8881a0}> (0x00000000eb8881a0) 
thrown [s\src\hotspot\share\prims\jni.cpp, line 520]
Event: 79.858 Thread 0x00000285f0cb4670 Exception <a 'sun/nio/fs/WindowsException'{0x00000000eb888a10}> (0x00000000eb888a10) 
thrown [s\src\hotspot\share\prims\jni.cpp, line 520]
Event: 79.858 Thread 0x00000285f0cb4670 Exception <a 'sun/nio/fs/WindowsException'{0x00000000eb889890}> (0x00000000eb889890) 
thrown [s\src\hotspot\share\prims\jni.cpp, line 520]
Event: 79.859 Thread 0x00000285f0cb4670 Exception <a 'sun/nio/fs/WindowsException'{0x00000000eb889ec0}> (0x00000000eb889ec0) 
thrown [s\src\hotspot\share\prims\jni.cpp, line 520]
Event: 79.964 Thread 0x00000285f0cb4670 Exception <a 'java/io/FileNotFoundException'{0x00000000eb8ca740}> (0x00000000eb8ca740) 
thrown [s\src\hotspot\share\prims\jni.cpp, line 520]
Event: 79.965 Thread 0x00000285f0cb4670 Exception <a 'java/io/FileNotFoundException'{0x00000000eb8cb758}> (0x00000000eb8cb758) 
thrown [s\src\hotspot\share\prims\jni.cpp, line 520]

ZGC Phase Switch (0 events):
No events

VM Operations (20 events):
Event: 13.712 Executing VM operation: ParallelGCFailedAllocation (Allocation Failure)
Event: 13.724 Executing VM operation: ParallelGCFailedAllocation (Allocation Failure) done
Event: 13.903 Executing VM operation: HandshakeAllThreads (Deoptimize)
Event: 13.903 Executing VM operation: HandshakeAllThreads (Deoptimize) done
Event: 14.024 Executing VM operation: HandshakeAllThreads (Deoptimize)
Event: 14.024 Executing VM operation: HandshakeAllThreads (Deoptimize) done
Event: 15.025 Executing VM operation: Cleanup
Event: 15.025 Executing VM operation: Cleanup done
Event: 16.034 Executing VM operation: Cleanup
Event: 16.034 Executing VM operation: Cleanup done
Event: 23.093 Executing VM operation: Cleanup
Event: 23.094 Executing VM operation: Cleanup done
Event: 60.195 Executing VM operation: HandshakeAllThreads (HandshakeForDeflation)
Event: 60.196 Executing VM operation: HandshakeAllThreads (HandshakeForDeflation) done
Event: 60.196 Executing VM operation: RendezvousGCThreads
Event: 60.196 Executing VM operation: RendezvousGCThreads done
Event: 79.196 Executing VM operation: HandshakeAllThreads (Deoptimize)
Event: 79.197 Executing VM operation: HandshakeAllThreads (Deoptimize) done
Event: 79.197 Executing VM operation: Cleanup
Event: 79.197 Executing VM operation: Cleanup done

Memory protections (0 events):
No events

Nmethod flushes (0 events):
No events

Events (20 events):
Event: 12.931 Thread 0x00000285ef13ea40 Thread exited: 0x00000285ef13ea40
Event: 14.105 Thread 0x00000285ea6928c0 Thread added: 0x00000285ea8347c0
Event: 15.030 Thread 0x00000285ea8347c0 Thread exited: 0x00000285ea8347c0
Event: 74.211 Thread 0x00000285f0cb8810 Thread exited: 0x00000285f0cb8810
Event: 79.025 Thread 0x00000285f0cba8e0 Thread added: 0x00000285f0cb5a20
Event: 79.051 Thread 0x00000285f0cba8e0 Thread added: 0x00000285f0cb5390
Event: 79.072 Thread 0x00000285efde4120 Thread added: 0x00000285f0cbaf70
Event: 79.086 Thread 0x00000285ef194700 Thread added: 0x00000285f0cbb600
Event: 79.104 Thread 0x00000285f0cbb600 Thread added: 0x00000285f0cb8810
Event: 79.105 Thread 0x00000285f0cbb600 Thread added: 0x00000285f0cb4670
Event: 79.167 Thread 0x00000285f0cb4670 Thread exited: 0x00000285f0cb4670
Event: 79.167 Thread 0x00000285f0cb8810 Thread exited: 0x00000285f0cb8810
Event: 79.169 Thread 0x00000285f0cbb600 Thread exited: 0x00000285f0cbb600
Event: 79.438 Thread 0x00000285ef194700 Thread added: 0x00000285f0cbb600
Event: 79.484 Thread 0x00000285f0cbb600 Thread added: 0x00000285f0cb6dd0
Event: 79.526 Thread 0x00000285f0cbb600 Thread added: 0x00000285f0cb8810
Event: 79.673 Thread 0x00000285f0cb6dd0 Thread exited: 0x00000285f0cb6dd0
Event: 79.686 Thread 0x00000285f0cbb600 Thread exited: 0x00000285f0cbb600
Event: 79.687 Thread 0x00000285f0cb8810 Thread exited: 0x00000285f0cb8810
Event: 79.743 Thread 0x00000285938924f0 Thread added: 0x00000285f0cb4670


Dynamic libraries:
0x00007ff6412d0000 - 0x00007ff6412de000 	c:\Users\yasit\.vscode\extensions\redhat.java-1.41.1-win32-x64\jre\21.0.6-win32-x86_64\bin\java.exe
0x00007ffd99bf0000 - 0x00007ffd99e07000 	C:\WINDOWS\SYSTEM32\ntdll.dll
0x00007ffd98b70000 - 0x00007ffd98c34000 	C:\WINDOWS\System32\KERNEL32.DLL
0x00007ffd97080000 - 0x00007ffd97453000 	C:\WINDOWS\System32\KERNELBASE.dll
0x00007ffd96d00000 - 0x00007ffd96e11000 	C:\WINDOWS\System32\ucrtbase.dll
0x00007ffd924a0000 - 0x00007ffd924b8000 	c:\Users\yasit\.vscode\extensions\redhat.java-1.41.1-win32-x64\jre\21.0.6-win32-x86_64\bin\jli.dll
0x00007ffd97b50000 - 0x00007ffd97d01000 	C:\WINDOWS\System32\USER32.dll
0x00007ffd96f90000 - 0x00007ffd96fb6000 	C:\WINDOWS\System32\win32u.dll
0x00007ffd99160000 - 0x00007ffd99189000 	C:\WINDOWS\System32\GDI32.dll
0x00007ffd97770000 - 0x00007ffd9788b000 	C:\WINDOWS\System32\gdi32full.dll
0x00007ffd97560000 - 0x00007ffd975fa000 	C:\WINDOWS\System32\msvcp_win.dll
0x00007ffd924d0000 - 0x00007ffd924ee000 	c:\Users\yasit\.vscode\extensions\redhat.java-1.41.1-win32-x64\jre\21.0.6-win32-x86_64\bin\VCRUNTIME140.dll
0x00007ffd7d440000 - 0x00007ffd7d6d8000 	C:\WINDOWS\WinSxS\amd64_microsoft.windows.common-controls_6595b64144ccf1df_6.0.22621.5124_none_270e8f4f7386d69d\COMCTL32.dll
0x00007ffd990b0000 - 0x00007ffd99157000 	C:\WINDOWS\System32\msvcrt.dll
0x00007ffd99070000 - 0x00007ffd990a1000 	C:\WINDOWS\System32\IMM32.DLL
0x00007ffd93970000 - 0x00007ffd9397c000 	c:\Users\yasit\.vscode\extensions\redhat.java-1.41.1-win32-x64\jre\21.0.6-win32-x86_64\bin\vcruntime140_1.dll
0x00007ffd5fd50000 - 0x00007ffd5fddd000 	c:\Users\yasit\.vscode\extensions\redhat.java-1.41.1-win32-x64\jre\21.0.6-win32-x86_64\bin\msvcp140.dll
0x00007ffcf4580000 - 0x00007ffcf5310000 	c:\Users\yasit\.vscode\extensions\redhat.java-1.41.1-win32-x64\jre\21.0.6-win32-x86_64\bin\server\jvm.dll
0x00007ffd978a0000 - 0x00007ffd97951000 	C:\WINDOWS\System32\ADVAPI32.dll
0x00007ffd98960000 - 0x00007ffd98a08000 	C:\WINDOWS\System32\sechost.dll
0x00007ffd97740000 - 0x00007ffd97768000 	C:\WINDOWS\System32\bcrypt.dll
0x00007ffd979c0000 - 0x00007ffd97ad4000 	C:\WINDOWS\System32\RPCRT4.dll
0x00007ffd983f0000 - 0x00007ffd98461000 	C:\WINDOWS\System32\WS2_32.dll
0x00007ffd95b40000 - 0x00007ffd95b8d000 	C:\WINDOWS\SYSTEM32\POWRPROF.dll
0x00007ffd927e0000 - 0x00007ffd92814000 	C:\WINDOWS\SYSTEM32\WINMM.dll
0x00007ffd92f70000 - 0x00007ffd92f7a000 	C:\WINDOWS\SYSTEM32\VERSION.dll
0x00007ffd95b20000 - 0x00007ffd95b33000 	C:\WINDOWS\SYSTEM32\UMPDC.dll
0x00007ffd95de0000 - 0x00007ffd95df8000 	C:\WINDOWS\SYSTEM32\kernel.appcore.dll
0x00007ffd92690000 - 0x00007ffd9269a000 	c:\Users\yasit\.vscode\extensions\redhat.java-1.41.1-win32-x64\jre\21.0.6-win32-x86_64\bin\jimage.dll
0x00007ffd946f0000 - 0x00007ffd94922000 	C:\WINDOWS\SYSTEM32\DBGHELP.DLL
0x00007ffd98c40000 - 0x00007ffd98fd2000 	C:\WINDOWS\System32\combase.dll
0x00007ffd97e90000 - 0x00007ffd97f67000 	C:\WINDOWS\System32\OLEAUT32.dll
0x00007ffd7ba20000 - 0x00007ffd7ba52000 	C:\WINDOWS\SYSTEM32\dbgcore.DLL
0x00007ffd97460000 - 0x00007ffd974db000 	C:\WINDOWS\System32\bcryptPrimitives.dll
0x00007ffd5a7b0000 - 0x00007ffd5a7bf000 	c:\Users\yasit\.vscode\extensions\redhat.java-1.41.1-win32-x64\jre\21.0.6-win32-x86_64\bin\instrument.dll
0x00007ffd903f0000 - 0x00007ffd9040f000 	c:\Users\yasit\.vscode\extensions\redhat.java-1.41.1-win32-x64\jre\21.0.6-win32-x86_64\bin\java.dll
0x00007ffd99190000 - 0x00007ffd99a26000 	C:\WINDOWS\System32\SHELL32.dll
0x00007ffd97600000 - 0x00007ffd9773f000 	C:\WINDOWS\System32\wintypes.dll
0x00007ffd94be0000 - 0x00007ffd954fa000 	C:\WINDOWS\SYSTEM32\windows.storage.dll
0x00007ffd982e0000 - 0x00007ffd983ea000 	C:\WINDOWS\System32\SHCORE.dll
0x00007ffd97ae0000 - 0x00007ffd97b43000 	C:\WINDOWS\System32\shlwapi.dll
0x00007ffd96c30000 - 0x00007ffd96c5b000 	C:\WINDOWS\SYSTEM32\profapi.dll
0x00007ffd84bc0000 - 0x00007ffd84bd8000 	c:\Users\yasit\.vscode\extensions\redhat.java-1.41.1-win32-x64\jre\21.0.6-win32-x86_64\bin\zip.dll
0x00007ffd92490000 - 0x00007ffd924a0000 	C:\Users\yasit\.vscode\extensions\redhat.java-1.41.1-win32-x64\jre\21.0.6-win32-x86_64\bin\net.dll
0x00007ffd92ab0000 - 0x00007ffd92bdc000 	C:\WINDOWS\SYSTEM32\WINHTTP.dll
0x00007ffd96260000 - 0x00007ffd962ca000 	C:\WINDOWS\system32\mswsock.dll
0x00007ffd81cf0000 - 0x00007ffd81d06000 	C:\Users\yasit\.vscode\extensions\redhat.java-1.41.1-win32-x64\jre\21.0.6-win32-x86_64\bin\nio.dll
0x00007ffd5a9d0000 - 0x00007ffd5a9e0000 	c:\Users\yasit\.vscode\extensions\redhat.java-1.41.1-win32-x64\jre\21.0.6-win32-x86_64\bin\verify.dll
0x00007ffd7a410000 - 0x00007ffd7a455000 	C:\Users\yasit\AppData\Roaming\Code\User\globalStorage\redhat.java\1.41.1\config_ss_win\org.eclipse.equinox.launcher\org.eclipse.equinox.launcher.win32.win32.x86_64_1.2.1300.v20250331-1702\eclipse_11911.dll
0x00007ffd98130000 - 0x00007ffd982d1000 	C:\WINDOWS\System32\ole32.dll
0x00007ffd96480000 - 0x00007ffd9649b000 	C:\WINDOWS\SYSTEM32\CRYPTSP.dll
0x00007ffd95d40000 - 0x00007ffd95d77000 	C:\WINDOWS\system32\rsaenh.dll
0x00007ffd96320000 - 0x00007ffd96348000 	C:\WINDOWS\SYSTEM32\USERENV.dll
0x00007ffd964a0000 - 0x00007ffd964ac000 	C:\WINDOWS\SYSTEM32\CRYPTBASE.dll
0x00007ffd95810000 - 0x00007ffd9583d000 	C:\WINDOWS\SYSTEM32\IPHLPAPI.DLL
0x00007ffd979b0000 - 0x00007ffd979b9000 	C:\WINDOWS\System32\NSI.dll
0x00007ffcfa9b0000 - 0x00007ffcfa9f9000 	C:\Users\yasit\AppData\Local\Temp\jna-114749654\jna13240614539053189135.dll
0x00007ffd99a70000 - 0x00007ffd99a78000 	C:\WINDOWS\System32\PSAPI.DLL
0x00007ffd927c0000 - 0x00007ffd927d9000 	C:\WINDOWS\SYSTEM32\dhcpcsvc6.DLL
0x00007ffd926b0000 - 0x00007ffd926cf000 	C:\WINDOWS\SYSTEM32\dhcpcsvc.DLL
0x00007ffd95ef0000 - 0x00007ffd95f24000 	C:\WINDOWS\SYSTEM32\ntmarta.dll

dbghelp: loaded successfully - version: 4.0.5 - missing functions: none
symbol engine: initialized successfully - sym options: 0x614 - pdb path: .;c:\Users\yasit\.vscode\extensions\redhat.java-1.41.1-win32-x64\jre\21.0.6-win32-x86_64\bin;C:\WINDOWS\SYSTEM32;C:\WINDOWS\WinSxS\amd64_microsoft.windows.common-controls_6595b64144ccf1df_6.0.22621.5124_none_270e8f4f7386d69d;c:\Users\yasit\.vscode\extensions\redhat.java-1.41.1-win32-x64\jre\21.0.6-win32-x86_64\bin\server;C:\Users\yasit\AppData\Roaming\Code\User\globalStorage\redhat.java\1.41.1\config_ss_win\org.eclipse.equinox.launcher\org.eclipse.equinox.launcher.win32.win32.x86_64_1.2.1300.v20250331-1702;C:\Users\yasit\AppData\Local\Temp\jna-114749654

VM Arguments:
jvm_args: --add-modules=ALL-SYSTEM --add-opens=java.base/java.util=ALL-UNNAMED --add-opens=java.base/java.lang=ALL-UNNAMED --add-opens=java.base/sun.nio.fs=ALL-UNNAMED -Declipse.application=org.eclipse.jdt.ls.core.id1 -Dosgi.bundles.defaultStartLevel=4 -Declipse.product=org.eclipse.jdt.ls.core.product -Djava.import.generatesMetadataFilesAtProjectRoot=false -DDetectVMInstallationsJob.disabled=true -Dfile.encoding=utf8 -XX:+UseParallelGC -XX:GCTimeRatio=4 -XX:AdaptiveSizePolicyWeight=90 -Dsun.zip.disableMemoryMapping=true -Xmx1G -Xms100m -Xlog:disable -javaagent:c:\Users\yasit\.vscode\extensions\redhat.java-1.41.1-win32-x64\lombok\lombok-1.18.36.jar 
java_command: c:\Users\yasit\.vscode\extensions\redhat.java-1.41.1-win32-x64\server\plugins\org.eclipse.equinox.launcher_1.7.0.v20250331-1702.jar -configuration c:\Users\yasit\AppData\Roaming\Code\User\globalStorage\redhat.java\1.41.1\config_ss_win -data c:\Users\yasit\AppData\Roaming\Code\User\workspaceStorage\db42d2b355658ce1cce1b4bdd0ae306e\redhat.java\ss_ws --pipe=\\.\pipe\lsp-585e30db1bd240bf689b263339b8635f-sock
java_class_path (initial): c:\Users\yasit\.vscode\extensions\redhat.java-1.41.1-win32-x64\server\plugins\org.eclipse.equinox.launcher_1.7.0.v20250331-1702.jar
Launcher Type: SUN_STANDARD

[Global flags]
    uintx AdaptiveSizePolicyWeight                 = 90                                        {product} {command line}
     intx CICompilerCount                          = 4                                         {product} {ergonomic}
    uintx GCTimeRatio                              = 4                                         {product} {command line}
   size_t InitialHeapSize                          = 104857600                                 {product} {command line}
   size_t MaxHeapSize                              = 1073741824                                {product} {command line}
   size_t MaxNewSize                               = 357564416                                 {product} {ergonomic}
   size_t MinHeapDeltaBytes                        = 524288                                    {product} {ergonomic}
   size_t MinHeapSize                              = 104857600                                 {product} {command line}
   size_t NewSize                                  = 34603008                                  {product} {ergonomic}
    uintx NonNMethodCodeHeapSize                   = 5839372                                {pd product} {ergonomic}
    uintx NonProfiledCodeHeapSize                  = 122909434                              {pd product} {ergonomic}
   size_t OldSize                                  = 70254592                                  {product} {ergonomic}
    uintx ProfiledCodeHeapSize                     = 122909434                              {pd product} {ergonomic}
    uintx ReservedCodeCacheSize                    = 251658240                              {pd product} {ergonomic}
     bool SegmentedCodeCache                       = true                                      {product} {ergonomic}
   size_t SoftMaxHeapSize                          = 1073741824                             {manageable} {ergonomic}
     bool UseCompressedOops                        = true                           {product lp64_product} {ergonomic}
     bool UseLargePagesIndividualAllocation        = false                                  {pd product} {ergonomic}
     bool UseParallelGC                            = true                                      {product} {command line}

Logging:
Log output configuration:
 #0: stdout all=off uptime,level,tags foldmultilines=false
 #1: stderr all=off uptime,level,tags foldmultilines=false

Environment Variables:
JAVA_HOME=C:\Program Files\Java\jdk-17\
PATH=C:\Program Files\Common Files\Oracle\Java\javapath;C:\Program Files (x86)\Common Files\Intel\Shared Libraries\redist\intel64_win\compiler;C:\Program Files (x86)\Common Files\Intel\Shared Libraries\redist\intel64\compiler;C:\Windows\system32;C:\Windows;C:\Windows\System32\Wbem;C:\Windows\System32\WindowsPowerShell\v1.0\;C:\Windows\System32\OpenSSH\;C:\Program Files (x86)\NVIDIA Corporation\PhysX\Common;C:\Program Files\NVIDIA Corporation\NVIDIA NvDLISR;C:\Program Files\dotnet\;C:\Program Files\Git\cmd;C:\WINDOWS\system32;C:\WINDOWS;C:\WINDOWS\System32\Wbem;C:\WINDOWS\System32\WindowsPowerShell\v1.0\;C:\WINDOWS\System32\OpenSSH\;C:\Program Files\nodejs\;C:\Program Files\Docker\Docker\resources\bin;C:\Program Files\Amazon\AWSCLIV2\;D:\Softwares\apache-maven-3.9.9\bin;D:\Self Programming\MobileDev-Flutter\flutter\bin;C:\Program Files\Java\jdk-17\bin;C:\Users\yasit\AppData\Local\Microsoft\WindowsApps;C:\Users\yasit\AppData\Local\Programs\Microsoft VS Code\bin;D:\Softwares\Hyper\resources\bin;D:\Softwares\php-8.2.7;C:\Program Files\MongoDB\Server\5.0\bin;C:\Users\yasit\AppData\Roaming\npm;D:\Android\platform-tools;
USERNAME=yasit
OS=Windows_NT
PROCESSOR_IDENTIFIER=Intel64 Family 6 Model 165 Stepping 2, GenuineIntel
TMP=C:\Users\yasit\AppData\Local\Temp
TEMP=C:\Users\yasit\AppData\Local\Temp




Periodic native trim disabled

---------------  S Y S T E M  ---------------

OS:
 Windows 11 , 64 bit Build 22621 (10.0.22621.5124)
OS uptime: 0 days 2:16 hours
Hyper-V role detected

CPU: total 8 (initial active 8) (4 cores per cpu, 2 threads per core) family 6 model 165 stepping 2 microcode 0xe0, cx8, cmov, fxsr, ht, mmx, 3dnowpref, sse, sse2, sse3, ssse3, sse4.1, sse4.2, popcnt, lzcnt, tsc, tscinvbit, avx, avx2, aes, erms, clmul, bmi1, bmi2, adx, fma, vzeroupper, clflush, clflushopt, hv, rdtscp, f16c
Processor Information for the first 8 processors :
  Max Mhz: 2496, Current Mhz: 2496, Mhz Limit: 2496

Memory: 4k page, system-wide physical 8029M (341M free)
TotalPageFile size 19338M (AvailPageFile size 7M)
current process WorkingSet (physical memory assigned to process): 163M, peak: 171M
current process commit charge ("private bytes"): 257M, peak: 270M

vm_info: OpenJDK 64-Bit Server VM (21.0.6+7-LTS) for windows-amd64 JRE (21.0.6+7-LTS), built on 2025-01-21T00:00:00Z by "admin" with MS VC++ 17.7 (VS2022)

END.
