#
# There is insufficient memory for the Java Runtime Environment to continue.
# Native memory allocation (malloc) failed to allocate 804336 bytes. Error detail: Chunk::new
# Possible reasons:
#   The system is out of physical RAM or swap space
#   This process is running with CompressedOops enabled, and the Java Heap may be blocking the growth of the native heap
# Possible solutions:
#   Reduce memory load on the system
#   Increase physical memory or swap space
#   Check if swap backing store is full
#   Decrease Java heap size (-Xmx/-Xms)
#   Decrease number of Java threads
#   Decrease Java thread stack sizes (-Xss)
#   Set larger code cache with -XX:ReservedCodeCacheSize=
#   JVM is running with Unscaled Compressed Oops mode in which the Java heap is
#     placed in the first 4GB address space. The Java Heap base address is the
#     maximum limit for the native heap growth. Please use -XX:HeapBaseMinAddress
#     to set the Java Heap base and to place the Java Heap above 4GB virtual address.
# This output file may be truncated or incomplete.
#
#  Out of Memory Error (arena.cpp:191), pid=4656, tid=18024
#
# JRE version: OpenJDK Runtime Environment Temurin-17.0.13+11 (17.0.13+11) (build 17.0.13+11)
# Java VM: OpenJDK 64-Bit Server VM Temurin-17.0.13+11 (17.0.13+11, mixed mode, tiered, compressed oops, compressed class ptrs, parallel gc, windows-amd64)
# No core dump will be written. Minidumps are not enabled by default on client versions of Windows
#

---------------  S U M M A R Y ------------

Command Line: --add-modules=ALL-SYSTEM --add-opens=java.base/java.util=ALL-UNNAMED --add-opens=java.base/java.lang=ALL-UNNAMED --add-opens=java.base/sun.nio.fs=ALL-UNNAMED -Declipse.application=org.eclipse.jdt.ls.core.id1 -Dosgi.bundles.defaultStartLevel=4 -Declipse.product=org.eclipse.jdt.ls.core.product -Djava.import.generatesMetadataFilesAtProjectRoot=false -DDetectVMInstallationsJob.disabled=true -Dfile.encoding=utf8 -XX:+UseParallelGC -XX:GCTimeRatio=4 -XX:AdaptiveSizePolicyWeight=90 -Dsun.zip.disableMemoryMapping=true -Xmx1G -Xms100m -Xlog:disable -javaagent:c:\Users\yasit\.vscode\extensions\redhat.java-1.36.0-win32-x64\lombok\lombok-1.18.35.jar c:\Users\yasit\.vscode\extensions\redhat.java-1.36.0-win32-x64\server\plugins\org.eclipse.equinox.launcher_1.6.900.v20240613-2009.jar -configuration c:\Users\yasit\AppData\Roaming\Code\User\globalStorage\redhat.java\1.36.0\config_ss_win -data c:\Users\yasit\AppData\Roaming\Code\User\workspaceStorage\db42d2b355658ce1cce1b4bdd0ae306e\redhat.java\ss_ws --pipe=\\.\pipe\lsp-614e0f85841c2d3b03df74d48f8541c1-sock

Host: Intel(R) Core(TM) i5-10300H CPU @ 2.50GHz, 8 cores, 7G,  Windows 11 , 64 bit Build 22621 (10.0.22621.4391)
Time: Thu Nov 21 21:56:07 2024 Sri Lanka Standard Time elapsed time: 28.172247 seconds (0d 0h 0m 28s)

---------------  T H R E A D  ---------------

Current thread (0x00000253e08ecde0):  JavaThread "C2 CompilerThread0" daemon [_thread_in_native, id=18024, stack(0x0000007c8b400000,0x0000007c8b500000)]


Current CompileTask:
C2:  28172 4751       4       jdk.internal.jimage.ImageReader$SharedImageReader::visitLocation (73 bytes)

Stack: [0x0000007c8b400000,0x0000007c8b500000]
Native frames: (J=compiled Java code, j=interpreted, Vv=VM code, C=native code)
V  [jvm.dll+0x682a19]
V  [jvm.dll+0x839538]
V  [jvm.dll+0x83afe3]
V  [jvm.dll+0x83b653]
V  [jvm.dll+0x24704f]
V  [jvm.dll+0xace34]
V  [jvm.dll+0xad4cc]
V  [jvm.dll+0x36597e]
V  [jvm.dll+0x32fbd8]
V  [jvm.dll+0x32f05a]
V  [jvm.dll+0x21804f]
V  [jvm.dll+0x21748f]
V  [jvm.dll+0x1a3070]
V  [jvm.dll+0x22788c]
V  [jvm.dll+0x2259eb]
V  [jvm.dll+0x7eec98]
V  [jvm.dll+0x7e8ffc]
V  [jvm.dll+0x6818f7]
C  [ucrtbase.dll+0x29333]
C  [KERNEL32.DLL+0x1259d]
C  [ntdll.dll+0x5af38]


---------------  P R O C E S S  ---------------

Threads class SMR info:
_java_thread_list=0x00000253e2bfa000, length=35, elements={
0x00000253c5aad640, 0x00000253db885030, 0x00000253c5b5a6f0, 0x00000253db88d300,
0x00000253db88de30, 0x00000253e08e6bb0, 0x00000253e08ec130, 0x00000253e08ecde0,
0x00000253e0944580, 0x00000253e094eaa0, 0x00000253e097aac0, 0x00000253e0c10210,
0x00000253e221a960, 0x00000253e231b860, 0x00000253e263f230, 0x00000253e248b670,
0x00000253e238afd0, 0x00000253e238b9f0, 0x00000253e238c920, 0x00000253e238bf00,
0x00000253e238c410, 0x00000253e2389680, 0x00000253e238a5b0, 0x00000253e238ce30,
0x00000253e2389b90, 0x00000253e238a0a0, 0x00000253e238aac0, 0x00000253e2a340a0,
0x00000253e2a396b0, 0x00000253e2a36920, 0x00000253e2a37d60, 0x00000253e2a3b000,
0x00000253e2a359f0, 0x00000253e2a35f00, 0x00000253e2a37850
}

Java Threads: ( => current thread )
  0x00000253c5aad640 JavaThread "main" [_thread_blocked, id=41064, stack(0x0000007c8ab00000,0x0000007c8ac00000)]
  0x00000253db885030 JavaThread "Reference Handler" daemon [_thread_blocked, id=14824, stack(0x0000007c8ae00000,0x0000007c8af00000)]
  0x00000253c5b5a6f0 JavaThread "Finalizer" daemon [_thread_blocked, id=39560, stack(0x0000007c8af00000,0x0000007c8b000000)]
  0x00000253db88d300 JavaThread "Signal Dispatcher" daemon [_thread_blocked, id=2028, stack(0x0000007c8b000000,0x0000007c8b100000)]
  0x00000253db88de30 JavaThread "Attach Listener" daemon [_thread_blocked, id=36400, stack(0x0000007c8b100000,0x0000007c8b200000)]
  0x00000253e08e6bb0 JavaThread "Service Thread" daemon [_thread_blocked, id=43708, stack(0x0000007c8b200000,0x0000007c8b300000)]
  0x00000253e08ec130 JavaThread "Monitor Deflation Thread" daemon [_thread_blocked, id=23064, stack(0x0000007c8b300000,0x0000007c8b400000)]
=>0x00000253e08ecde0 JavaThread "C2 CompilerThread0" daemon [_thread_in_native, id=18024, stack(0x0000007c8b400000,0x0000007c8b500000)]
  0x00000253e0944580 JavaThread "C1 CompilerThread0" daemon [_thread_blocked, id=36280, stack(0x0000007c8b500000,0x0000007c8b600000)]
  0x00000253e094eaa0 JavaThread "Sweeper thread" daemon [_thread_blocked, id=18752, stack(0x0000007c8b600000,0x0000007c8b700000)]
  0x00000253e097aac0 JavaThread "Common-Cleaner" daemon [_thread_blocked, id=47748, stack(0x0000007c8b700000,0x0000007c8b800000)]
  0x00000253e0c10210 JavaThread "Notification Thread" daemon [_thread_blocked, id=48112, stack(0x0000007c8b800000,0x0000007c8b900000)]
  0x00000253e221a960 JavaThread "Active Thread: Equinox Container: 2cd1ab4f-42ed-433b-8294-1e22e4daaa69" [_thread_blocked, id=22296, stack(0x0000007c8bb00000,0x0000007c8bc00000)]
  0x00000253e231b860 JavaThread "Framework Event Dispatcher: Equinox Container: 2cd1ab4f-42ed-433b-8294-1e22e4daaa69" daemon [_thread_blocked, id=42640, stack(0x0000007c8c200000,0x0000007c8c300000)]
  0x00000253e263f230 JavaThread "Start Level: Equinox Container: 2cd1ab4f-42ed-433b-8294-1e22e4daaa69" daemon [_thread_blocked, id=51000, stack(0x0000007c8c300000,0x0000007c8c400000)]
  0x00000253e248b670 JavaThread "SCR Component Actor" daemon [_thread_blocked, id=41736, stack(0x0000007c8c400000,0x0000007c8c500000)]
  0x00000253e238afd0 JavaThread "Worker-JM" [_thread_blocked, id=48512, stack(0x0000007c8c700000,0x0000007c8c800000)]
  0x00000253e238b9f0 JavaThread "JNA Cleaner" daemon [_thread_blocked, id=46904, stack(0x0000007c8ba00000,0x0000007c8bb00000)]
  0x00000253e238c920 JavaThread "Worker-0" [_thread_blocked, id=40400, stack(0x0000007c8c800000,0x0000007c8c900000)]
  0x00000253e238bf00 JavaThread "Worker-1" [_thread_blocked, id=50324, stack(0x0000007c8c900000,0x0000007c8ca00000)]
  0x00000253e238c410 JavaThread "Thread-2" daemon [_thread_in_native, id=49780, stack(0x0000007c8cc00000,0x0000007c8cd00000)]
  0x00000253e2389680 JavaThread "Thread-3" daemon [_thread_in_native, id=42320, stack(0x0000007c8cd00000,0x0000007c8ce00000)]
  0x00000253e238a5b0 JavaThread "Thread-4" daemon [_thread_in_native, id=37544, stack(0x0000007c8ce00000,0x0000007c8cf00000)]
  0x00000253e238ce30 JavaThread "Thread-5" daemon [_thread_in_native, id=38300, stack(0x0000007c8cf00000,0x0000007c8d000000)]
  0x00000253e2389b90 JavaThread "Thread-6" daemon [_thread_in_native, id=52188, stack(0x0000007c8d000000,0x0000007c8d100000)]
  0x00000253e238a0a0 JavaThread "Thread-7" daemon [_thread_in_native, id=46588, stack(0x0000007c8d100000,0x0000007c8d200000)]
  0x00000253e238aac0 JavaThread "Thread-8" daemon [_thread_in_native, id=44500, stack(0x0000007c8d200000,0x0000007c8d300000)]
  0x00000253e2a340a0 JavaThread "Thread-9" daemon [_thread_in_native, id=23096, stack(0x0000007c8d300000,0x0000007c8d400000)]
  0x00000253e2a396b0 JavaThread "Thread-10" daemon [_thread_in_native, id=17824, stack(0x0000007c8d400000,0x0000007c8d500000)]
  0x00000253e2a36920 JavaThread "pool-2-thread-1" [_thread_blocked, id=44160, stack(0x0000007c8d500000,0x0000007c8d600000)]
  0x00000253e2a37d60 JavaThread "Worker-2" [_thread_blocked, id=18176, stack(0x0000007c8d600000,0x0000007c8d700000)]
  0x00000253e2a3b000 JavaThread "WorkspaceEventsHandler" [_thread_blocked, id=37668, stack(0x0000007c8d700000,0x0000007c8d800000)]
  0x00000253e2a359f0 JavaThread "pool-1-thread-1" [_thread_blocked, id=3132, stack(0x0000007c8d800000,0x0000007c8d900000)]
  0x00000253e2a35f00 JavaThread "ForkJoinPool.commonPool-worker-1" daemon [_thread_blocked, id=36792, stack(0x0000007c8c600000,0x0000007c8c700000)]
  0x00000253e2a37850 JavaThread "ForkJoinPool.commonPool-worker-2" daemon [_thread_blocked, id=37308, stack(0x0000007c8ca00000,0x0000007c8cb00000)]

Other Threads:
  0x00000253e08c14b0 VMThread "VM Thread" [stack: 0x0000007c8ad00000,0x0000007c8ae00000] [id=7232]
  0x00000253e1ae81c0 WatcherThread [stack: 0x0000007c8b900000,0x0000007c8ba00000] [id=47712]
  0x00000253c5ac5820 GCTaskThread "GC Thread#0" [stack: 0x0000007c8ac00000,0x0000007c8ad00000] [id=50576]
  0x00000253e222b600 GCTaskThread "GC Thread#1" [stack: 0x0000007c8bc00000,0x0000007c8bd00000] [id=25996]
  0x00000253e222b8c0 GCTaskThread "GC Thread#2" [stack: 0x0000007c8bd00000,0x0000007c8be00000] [id=51468]
  0x00000253e205b960 GCTaskThread "GC Thread#3" [stack: 0x0000007c8be00000,0x0000007c8bf00000] [id=29752]
  0x00000253e205bc20 GCTaskThread "GC Thread#4" [stack: 0x0000007c8bf00000,0x0000007c8c000000] [id=38220]
  0x00000253e205bee0 GCTaskThread "GC Thread#5" [stack: 0x0000007c8c000000,0x0000007c8c100000] [id=11104]
  0x00000253e2227c00 GCTaskThread "GC Thread#6" [stack: 0x0000007c8c100000,0x0000007c8c200000] [id=39948]
  0x00000253e24889c0 GCTaskThread "GC Thread#7" [stack: 0x0000007c8c500000,0x0000007c8c600000] [id=21068]

Threads with active compile tasks:
C2 CompilerThread0    28232 4751       4       jdk.internal.jimage.ImageReader$SharedImageReader::visitLocation (73 bytes)

VM state: at safepoint (normal execution)

VM Mutex/Monitor currently owned by a thread:  ([mutex/lock_event])
[0x00000253c5aaaba0] Threads_lock - owner thread: 0x00000253e08c14b0
[0x00000253c5aaa9f0] Heap_lock - owner thread: 0x00000253e2a35f00

Heap address: 0x00000000c0000000, size: 1024 MB, Compressed Oops mode: 32-bit

CDS archive(s) not mapped
Compressed class space mapped at: 0x0000000100000000-0x0000000140000000, reserved size: 1073741824
Narrow klass base: 0x0000000000000000, Narrow klass shift: 3, Narrow klass range: 0x140000000

GC Precious Log:
 CPUs: 8 total, 8 available
 Memory: 8029M
 Large Page Support: Disabled
 NUMA Support: Disabled
 Compressed Oops: Enabled (32-bit)
 Alignments: Space 512K, Generation 512K, Heap 2M
 Heap Min Capacity: 100M
 Heap Initial Capacity: 100M
 Heap Max Capacity: 1G
 Pre-touch: Disabled
 Parallel Workers: 8

Heap:
 PSYoungGen      total 22528K, used 22528K [0x00000000eab00000, 0x00000000ec780000, 0x0000000100000000)
  eden space 21504K, 100% used [0x00000000eab00000,0x00000000ec000000,0x00000000ec000000)
  from space 1024K, 100% used [0x00000000ec380000,0x00000000ec480000,0x00000000ec480000)
  to   space 3584K, 69% used [0x00000000ec000000,0x00000000ec271010,0x00000000ec380000)
 ParOldGen       total 68608K, used 28360K [0x00000000c0000000, 0x00000000c4300000, 0x00000000eab00000)
  object space 68608K, 41% used [0x00000000c0000000,0x00000000c1bb4268,0x00000000c4300000)
 Metaspace       used 46089K, committed 46912K, reserved 1114112K
  class space    used 4631K, committed 4992K, reserved 1048576K

Card table byte_map: [0x00000253d9100000,0x00000253d9310000] _byte_map_base: 0x00000253d8b00000

Marking Bits: (ParMarkBitMap*) 0x00007ffe5afe6940
 Begin Bits: [0x00000253d9470000, 0x00000253da470000)
 End Bits:   [0x00000253da470000, 0x00000253db470000)

Polling page: 0x00000253c5b60000

Metaspace:

Usage:
  Non-class:     40.49 MB used.
      Class:      4.52 MB used.
       Both:     45.01 MB used.

Virtual space:
  Non-class space:       64.00 MB reserved,      40.94 MB ( 64%) committed,  1 nodes.
      Class space:        1.00 GB reserved,       4.88 MB ( <1%) committed,  1 nodes.
             Both:        1.06 GB reserved,      45.81 MB (  4%) committed. 

Chunk freelists:
   Non-Class:  6.48 MB
       Class:  11.10 MB
        Both:  17.59 MB

MaxMetaspaceSize: unlimited
CompressedClassSpaceSize: 1.00 GB
Initial GC threshold: 21.00 MB
Current GC threshold: 58.38 MB
CDS: off
MetaspaceReclaimPolicy: balanced
 - commit_granule_bytes: 65536.
 - commit_granule_words: 8192.
 - virtual_space_node_default_size: 8388608.
 - enlarge_chunks_in_place: 1.
 - new_chunks_are_fully_committed: 0.
 - uncommit_free_chunks: 1.
 - use_allocation_guard: 0.
 - handle_deallocations: 1.


Internal statistics:

num_allocs_failed_limit: 6.
num_arena_births: 484.
num_arena_deaths: 14.
num_vsnodes_births: 2.
num_vsnodes_deaths: 0.
num_space_committed: 733.
num_space_uncommitted: 0.
num_chunks_returned_to_freelist: 20.
num_chunks_taken_from_freelist: 2027.
num_chunk_merges: 11.
num_chunk_splits: 1327.
num_chunks_enlarged: 857.
num_inconsistent_stats: 0.

CodeHeap 'non-profiled nmethods': size=120000Kb used=2945Kb max_used=2945Kb free=117054Kb
 bounds [0x00000253d19f0000, 0x00000253d1ce0000, 0x00000253d8f20000]
CodeHeap 'profiled nmethods': size=120000Kb used=10096Kb max_used=10096Kb free=109903Kb
 bounds [0x00000253c9f20000, 0x00000253ca900000, 0x00000253d1450000]
CodeHeap 'non-nmethods': size=5760Kb used=1338Kb max_used=1409Kb free=4422Kb
 bounds [0x00000253d1450000, 0x00000253d16c0000, 0x00000253d19f0000]
 total_blobs=5424 nmethods=4748 adapters=588
 compilation: enabled
              stopped_count=0, restarted_count=0
 full_count=0

Compilation events (20 events):
Event: 27.987 Thread 0x00000253e08ecde0 nmethod 4742 0x00000253d1ccd290 code [0x00000253d1ccd4c0, 0x00000253d1cce0c0]
Event: 27.987 Thread 0x00000253e0944580 4746       1       org.eclipse.jdt.internal.core.JavaProject::getElementType (2 bytes)
Event: 27.987 Thread 0x00000253e08ecde0 4743       4       org.eclipse.jdt.internal.core.JrtPackageFragmentRoot$1::visitFile (26 bytes)
Event: 27.987 Thread 0x00000253e0944580 nmethod 4746 0x00000253d1ccea90 code [0x00000253d1ccec20, 0x00000253d1ccecf8]
Event: 27.989 Thread 0x00000253e08ecde0 nmethod 4743 0x00000253d1cced90 code [0x00000253d1ccef20, 0x00000253d1ccf028]
Event: 27.989 Thread 0x00000253e08ecde0 4744       4       org.eclipse.jdt.internal.compiler.util.JrtFileSystem$2::visitFile (10 bytes)
Event: 27.990 Thread 0x00000253e08ecde0 nmethod 4744 0x00000253d1ccf190 code [0x00000253d1ccf320, 0x00000253d1ccf408]
Event: 27.990 Thread 0x00000253e08ecde0 4745       4       org.eclipse.jdt.internal.core.JrtPackageFragmentRoot$1::visitFile (14 bytes)
Event: 27.991 Thread 0x00000253e08ecde0 nmethod 4745 0x00000253d1ccf510 code [0x00000253d1ccf6a0, 0x00000253d1ccf7e8]
Event: 27.993 Thread 0x00000253e0944580 4747       3       java.lang.ThreadLocal::setInitialValue (50 bytes)
Event: 27.994 Thread 0x00000253e0944580 nmethod 4747 0x00000253ca8fa810 code [0x00000253ca8faa20, 0x00000253ca8fb328]
Event: 27.998 Thread 0x00000253e08ecde0 4748       4       org.eclipse.jdt.internal.core.util.WeakHashSet::cleanupGarbageCollectedValues (144 bytes)
Event: 28.001 Thread 0x00000253e08ecde0 nmethod 4748 0x00000253d1ccf990 code [0x00000253d1ccfb20, 0x00000253d1ccfee8]
Event: 28.002 Thread 0x00000253e0944580 4749       3       org.eclipse.jdt.internal.core.PackageFragment::equals (56 bytes)
Event: 28.003 Thread 0x00000253e0944580 nmethod 4749 0x00000253ca8fb590 code [0x00000253ca8fb780, 0x00000253ca8fbdf8]
Event: 28.012 Thread 0x00000253e08ecde0 4750       4       jdk.internal.jimage.ImageBufferCache$2::compare (13 bytes)
Event: 28.014 Thread 0x00000253e08ecde0 nmethod 4750 0x00000253d1cd0090 code [0x00000253d1cd0220, 0x00000253d1cd03b8]
Event: 28.055 Thread 0x00000253e08ecde0 4751       4       jdk.internal.jimage.ImageReader$SharedImageReader::visitLocation (73 bytes)
Event: 28.123 Thread 0x00000253e0944580 4755       3       org.eclipse.core.runtime.Status::isOK (11 bytes)
Event: 28.124 Thread 0x00000253e0944580 nmethod 4755 0x00000253ca8fbf10 code [0x00000253ca8fc0a0, 0x00000253ca8fc218]

GC Heap History (20 events):
Event: 4.545 GC heap before
{Heap before GC invocations=11 (full 2):
 PSYoungGen      total 25600K, used 2030K [0x00000000eab00000, 0x00000000ec900000, 0x0000000100000000)
  eden space 23552K, 0% used [0x00000000eab00000,0x00000000eab00000,0x00000000ec200000)
  from space 2048K, 99% used [0x00000000ec380000,0x00000000ec57ba70,0x00000000ec580000)
  to   space 3072K, 0% used [0x00000000ec600000,0x00000000ec600000,0x00000000ec900000)
 ParOldGen       total 68608K, used 14855K [0x00000000c0000000, 0x00000000c4300000, 0x00000000eab00000)
  object space 68608K, 21% used [0x00000000c0000000,0x00000000c0e81f08,0x00000000c4300000)
 Metaspace       used 35176K, committed 35840K, reserved 1114112K
  class space    used 3487K, committed 3776K, reserved 1048576K
}
Event: 4.577 GC heap after
{Heap after GC invocations=11 (full 2):
 PSYoungGen      total 25600K, used 0K [0x00000000eab00000, 0x00000000ec900000, 0x0000000100000000)
  eden space 23552K, 0% used [0x00000000eab00000,0x00000000eab00000,0x00000000ec200000)
  from space 2048K, 0% used [0x00000000ec380000,0x00000000ec380000,0x00000000ec580000)
  to   space 3072K, 0% used [0x00000000ec600000,0x00000000ec600000,0x00000000ec900000)
 ParOldGen       total 68608K, used 16584K [0x00000000c0000000, 0x00000000c4300000, 0x00000000eab00000)
  object space 68608K, 24% used [0x00000000c0000000,0x00000000c10321c8,0x00000000c4300000)
 Metaspace       used 35176K, committed 35840K, reserved 1114112K
  class space    used 3487K, committed 3776K, reserved 1048576K
}
Event: 11.447 GC heap before
{Heap before GC invocations=12 (full 2):
 PSYoungGen      total 25600K, used 23552K [0x00000000eab00000, 0x00000000ec900000, 0x0000000100000000)
  eden space 23552K, 100% used [0x00000000eab00000,0x00000000ec200000,0x00000000ec200000)
  from space 2048K, 0% used [0x00000000ec380000,0x00000000ec380000,0x00000000ec580000)
  to   space 3072K, 0% used [0x00000000ec600000,0x00000000ec600000,0x00000000ec900000)
 ParOldGen       total 68608K, used 16584K [0x00000000c0000000, 0x00000000c4300000, 0x00000000eab00000)
  object space 68608K, 24% used [0x00000000c0000000,0x00000000c10321c8,0x00000000c4300000)
 Metaspace       used 38340K, committed 39104K, reserved 1114112K
  class space    used 3847K, committed 4160K, reserved 1048576K
}
Event: 11.452 GC heap after
{Heap after GC invocations=12 (full 2):
 PSYoungGen      total 25088K, used 1779K [0x00000000eab00000, 0x00000000ec800000, 0x0000000100000000)
  eden space 23040K, 0% used [0x00000000eab00000,0x00000000eab00000,0x00000000ec180000)
  from space 2048K, 86% used [0x00000000ec600000,0x00000000ec7bceb8,0x00000000ec800000)
  to   space 2048K, 0% used [0x00000000ec400000,0x00000000ec400000,0x00000000ec600000)
 ParOldGen       total 68608K, used 16592K [0x00000000c0000000, 0x00000000c4300000, 0x00000000eab00000)
  object space 68608K, 24% used [0x00000000c0000000,0x00000000c10341c8,0x00000000c4300000)
 Metaspace       used 38340K, committed 39104K, reserved 1114112K
  class space    used 3847K, committed 4160K, reserved 1048576K
}
Event: 12.135 GC heap before
{Heap before GC invocations=13 (full 2):
 PSYoungGen      total 25088K, used 24819K [0x00000000eab00000, 0x00000000ec800000, 0x0000000100000000)
  eden space 23040K, 100% used [0x00000000eab00000,0x00000000ec180000,0x00000000ec180000)
  from space 2048K, 86% used [0x00000000ec600000,0x00000000ec7bceb8,0x00000000ec800000)
  to   space 2048K, 0% used [0x00000000ec400000,0x00000000ec400000,0x00000000ec600000)
 ParOldGen       total 68608K, used 16592K [0x00000000c0000000, 0x00000000c4300000, 0x00000000eab00000)
  object space 68608K, 24% used [0x00000000c0000000,0x00000000c10341c8,0x00000000c4300000)
 Metaspace       used 38892K, committed 39616K, reserved 1114112K
  class space    used 3929K, committed 4224K, reserved 1048576K
}
Event: 12.142 GC heap after
{Heap after GC invocations=13 (full 2):
 PSYoungGen      total 24576K, used 2033K [0x00000000eab00000, 0x00000000eca00000, 0x0000000100000000)
  eden space 22528K, 0% used [0x00000000eab00000,0x00000000eab00000,0x00000000ec100000)
  from space 2048K, 99% used [0x00000000ec400000,0x00000000ec5fc420,0x00000000ec600000)
  to   space 4096K, 0% used [0x00000000ec600000,0x00000000ec600000,0x00000000eca00000)
 ParOldGen       total 68608K, used 18444K [0x00000000c0000000, 0x00000000c4300000, 0x00000000eab00000)
  object space 68608K, 26% used [0x00000000c0000000,0x00000000c1203080,0x00000000c4300000)
 Metaspace       used 38892K, committed 39616K, reserved 1114112K
  class space    used 3929K, committed 4224K, reserved 1048576K
}
Event: 12.539 GC heap before
{Heap before GC invocations=14 (full 2):
 PSYoungGen      total 24576K, used 24444K [0x00000000eab00000, 0x00000000eca00000, 0x0000000100000000)
  eden space 22528K, 99% used [0x00000000eab00000,0x00000000ec0e2d88,0x00000000ec100000)
  from space 2048K, 99% used [0x00000000ec400000,0x00000000ec5fc420,0x00000000ec600000)
  to   space 4096K, 0% used [0x00000000ec600000,0x00000000ec600000,0x00000000eca00000)
 ParOldGen       total 68608K, used 18444K [0x00000000c0000000, 0x00000000c4300000, 0x00000000eab00000)
  object space 68608K, 26% used [0x00000000c0000000,0x00000000c1203080,0x00000000c4300000)
 Metaspace       used 38941K, committed 39680K, reserved 1114112K
  class space    used 3929K, committed 4224K, reserved 1048576K
}
Event: 12.547 GC heap after
{Heap after GC invocations=14 (full 2):
 PSYoungGen      total 24576K, used 2306K [0x00000000eab00000, 0x00000000ec880000, 0x0000000100000000)
  eden space 22016K, 0% used [0x00000000eab00000,0x00000000eab00000,0x00000000ec080000)
  from space 2560K, 90% used [0x00000000ec600000,0x00000000ec840800,0x00000000ec880000)
  to   space 3072K, 0% used [0x00000000ec280000,0x00000000ec280000,0x00000000ec580000)
 ParOldGen       total 68608K, used 20460K [0x00000000c0000000, 0x00000000c4300000, 0x00000000eab00000)
  object space 68608K, 29% used [0x00000000c0000000,0x00000000c13fb0b0,0x00000000c4300000)
 Metaspace       used 38941K, committed 39680K, reserved 1114112K
  class space    used 3929K, committed 4224K, reserved 1048576K
}
Event: 13.502 GC heap before
{Heap before GC invocations=15 (full 2):
 PSYoungGen      total 24576K, used 24322K [0x00000000eab00000, 0x00000000ec880000, 0x0000000100000000)
  eden space 22016K, 100% used [0x00000000eab00000,0x00000000ec080000,0x00000000ec080000)
  from space 2560K, 90% used [0x00000000ec600000,0x00000000ec840800,0x00000000ec880000)
  to   space 3072K, 0% used [0x00000000ec280000,0x00000000ec280000,0x00000000ec580000)
 ParOldGen       total 68608K, used 20460K [0x00000000c0000000, 0x00000000c4300000, 0x00000000eab00000)
  object space 68608K, 29% used [0x00000000c0000000,0x00000000c13fb0b0,0x00000000c4300000)
 Metaspace       used 41167K, committed 41856K, reserved 1114112K
  class space    used 4184K, committed 4480K, reserved 1048576K
}
Event: 13.508 GC heap after
{Heap after GC invocations=15 (full 2):
 PSYoungGen      total 23552K, used 1302K [0x00000000eab00000, 0x00000000ec680000, 0x0000000100000000)
  eden space 22016K, 0% used [0x00000000eab00000,0x00000000eab00000,0x00000000ec080000)
  from space 1536K, 84% used [0x00000000ec280000,0x00000000ec3c5ae8,0x00000000ec400000)
  to   space 2048K, 0% used [0x00000000ec480000,0x00000000ec480000,0x00000000ec680000)
 ParOldGen       total 68608K, used 22644K [0x00000000c0000000, 0x00000000c4300000, 0x00000000eab00000)
  object space 68608K, 33% used [0x00000000c0000000,0x00000000c161d130,0x00000000c4300000)
 Metaspace       used 41167K, committed 41856K, reserved 1114112K
  class space    used 4184K, committed 4480K, reserved 1048576K
}
Event: 14.352 GC heap before
{Heap before GC invocations=16 (full 2):
 PSYoungGen      total 23552K, used 23318K [0x00000000eab00000, 0x00000000ec680000, 0x0000000100000000)
  eden space 22016K, 100% used [0x00000000eab00000,0x00000000ec080000,0x00000000ec080000)
  from space 1536K, 84% used [0x00000000ec280000,0x00000000ec3c5ae8,0x00000000ec400000)
  to   space 2048K, 0% used [0x00000000ec480000,0x00000000ec480000,0x00000000ec680000)
 ParOldGen       total 68608K, used 22644K [0x00000000c0000000, 0x00000000c4300000, 0x00000000eab00000)
  object space 68608K, 33% used [0x00000000c0000000,0x00000000c161d130,0x00000000c4300000)
 Metaspace       used 42202K, committed 42944K, reserved 1114112K
  class space    used 4305K, committed 4608K, reserved 1048576K
}
Event: 14.354 GC heap after
{Heap after GC invocations=16 (full 2):
 PSYoungGen      total 22528K, used 416K [0x00000000eab00000, 0x00000000ec500000, 0x0000000100000000)
  eden space 22016K, 0% used [0x00000000eab00000,0x00000000eab00000,0x00000000ec080000)
  from space 512K, 81% used [0x00000000ec480000,0x00000000ec4e8000,0x00000000ec500000)
  to   space 1024K, 0% used [0x00000000ec300000,0x00000000ec300000,0x00000000ec400000)
 ParOldGen       total 68608K, used 23911K [0x00000000c0000000, 0x00000000c4300000, 0x00000000eab00000)
  object space 68608K, 34% used [0x00000000c0000000,0x00000000c1759d80,0x00000000c4300000)
 Metaspace       used 42202K, committed 42944K, reserved 1114112K
  class space    used 4305K, committed 4608K, reserved 1048576K
}
Event: 15.001 GC heap before
{Heap before GC invocations=17 (full 2):
 PSYoungGen      total 22528K, used 22414K [0x00000000eab00000, 0x00000000ec500000, 0x0000000100000000)
  eden space 22016K, 99% used [0x00000000eab00000,0x00000000ec07b8b8,0x00000000ec080000)
  from space 512K, 81% used [0x00000000ec480000,0x00000000ec4e8000,0x00000000ec500000)
  to   space 1024K, 0% used [0x00000000ec300000,0x00000000ec300000,0x00000000ec400000)
 ParOldGen       total 68608K, used 23911K [0x00000000c0000000, 0x00000000c4300000, 0x00000000eab00000)
  object space 68608K, 34% used [0x00000000c0000000,0x00000000c1759d80,0x00000000c4300000)
 Metaspace       used 43001K, committed 43776K, reserved 1114112K
  class space    used 4360K, committed 4672K, reserved 1048576K
}
Event: 15.004 GC heap after
{Heap after GC invocations=17 (full 2):
 PSYoungGen      total 23040K, used 1012K [0x00000000eab00000, 0x00000000ec500000, 0x0000000100000000)
  eden space 22016K, 0% used [0x00000000eab00000,0x00000000eab00000,0x00000000ec080000)
  from space 1024K, 98% used [0x00000000ec300000,0x00000000ec3fd1c8,0x00000000ec400000)
  to   space 1024K, 0% used [0x00000000ec400000,0x00000000ec400000,0x00000000ec500000)
 ParOldGen       total 68608K, used 24693K [0x00000000c0000000, 0x00000000c4300000, 0x00000000eab00000)
  object space 68608K, 35% used [0x00000000c0000000,0x00000000c181d468,0x00000000c4300000)
 Metaspace       used 43001K, committed 43776K, reserved 1114112K
  class space    used 4360K, committed 4672K, reserved 1048576K
}
Event: 15.189 GC heap before
{Heap before GC invocations=18 (full 2):
 PSYoungGen      total 23040K, used 23028K [0x00000000eab00000, 0x00000000ec500000, 0x0000000100000000)
  eden space 22016K, 100% used [0x00000000eab00000,0x00000000ec080000,0x00000000ec080000)
  from space 1024K, 98% used [0x00000000ec300000,0x00000000ec3fd1c8,0x00000000ec400000)
  to   space 1024K, 0% used [0x00000000ec400000,0x00000000ec400000,0x00000000ec500000)
 ParOldGen       total 68608K, used 24693K [0x00000000c0000000, 0x00000000c4300000, 0x00000000eab00000)
  object space 68608K, 35% used [0x00000000c0000000,0x00000000c181d468,0x00000000c4300000)
 Metaspace       used 43802K, committed 44608K, reserved 1114112K
  class space    used 4437K, committed 4736K, reserved 1048576K
}
Event: 15.190 GC heap after
{Heap after GC invocations=18 (full 2):
 PSYoungGen      total 22528K, used 128K [0x00000000eab00000, 0x00000000ec480000, 0x0000000100000000)
  eden space 22016K, 0% used [0x00000000eab00000,0x00000000eab00000,0x00000000ec080000)
  from space 512K, 25% used [0x00000000ec400000,0x00000000ec420000,0x00000000ec480000)
  to   space 1024K, 0% used [0x00000000ec280000,0x00000000ec280000,0x00000000ec380000)
 ParOldGen       total 68608K, used 24989K [0x00000000c0000000, 0x00000000c4300000, 0x00000000eab00000)
  object space 68608K, 36% used [0x00000000c0000000,0x00000000c1867488,0x00000000c4300000)
 Metaspace       used 43802K, committed 44608K, reserved 1114112K
  class space    used 4437K, committed 4736K, reserved 1048576K
}
Event: 27.968 GC heap before
{Heap before GC invocations=19 (full 2):
 PSYoungGen      total 22528K, used 22144K [0x00000000eab00000, 0x00000000ec480000, 0x0000000100000000)
  eden space 22016K, 100% used [0x00000000eab00000,0x00000000ec080000,0x00000000ec080000)
  from space 512K, 25% used [0x00000000ec400000,0x00000000ec420000,0x00000000ec480000)
  to   space 1024K, 0% used [0x00000000ec280000,0x00000000ec280000,0x00000000ec380000)
 ParOldGen       total 68608K, used 24989K [0x00000000c0000000, 0x00000000c4300000, 0x00000000eab00000)
  object space 68608K, 36% used [0x00000000c0000000,0x00000000c1867488,0x00000000c4300000)
 Metaspace       used 46086K, committed 46912K, reserved 1114112K
  class space    used 4631K, committed 4992K, reserved 1048576K
}
Event: 27.970 GC heap after
{Heap after GC invocations=19 (full 2):
 PSYoungGen      total 23040K, used 1008K [0x00000000eab00000, 0x00000000ec480000, 0x0000000100000000)
  eden space 22016K, 0% used [0x00000000eab00000,0x00000000eab00000,0x00000000ec080000)
  from space 1024K, 98% used [0x00000000ec280000,0x00000000ec37c070,0x00000000ec380000)
  to   space 1024K, 0% used [0x00000000ec380000,0x00000000ec380000,0x00000000ec480000)
 ParOldGen       total 68608K, used 25233K [0x00000000c0000000, 0x00000000c4300000, 0x00000000eab00000)
  object space 68608K, 36% used [0x00000000c0000000,0x00000000c18a4498,0x00000000c4300000)
 Metaspace       used 46086K, committed 46912K, reserved 1114112K
  class space    used 4631K, committed 4992K, reserved 1048576K
}
Event: 28.065 GC heap before
{Heap before GC invocations=20 (full 2):
 PSYoungGen      total 23040K, used 23024K [0x00000000eab00000, 0x00000000ec480000, 0x0000000100000000)
  eden space 22016K, 100% used [0x00000000eab00000,0x00000000ec080000,0x00000000ec080000)
  from space 1024K, 98% used [0x00000000ec280000,0x00000000ec37c070,0x00000000ec380000)
  to   space 1024K, 0% used [0x00000000ec380000,0x00000000ec380000,0x00000000ec480000)
 ParOldGen       total 68608K, used 25233K [0x00000000c0000000, 0x00000000c4300000, 0x00000000eab00000)
  object space 68608K, 36% used [0x00000000c0000000,0x00000000c18a4498,0x00000000c4300000)
 Metaspace       used 46088K, committed 46912K, reserved 1114112K
  class space    used 4631K, committed 4992K, reserved 1048576K
}
Event: 28.074 GC heap after
{Heap after GC invocations=20 (full 2):
 PSYoungGen      total 22528K, used 1024K [0x00000000eab00000, 0x00000000ec780000, 0x0000000100000000)
  eden space 21504K, 0% used [0x00000000eab00000,0x00000000eab00000,0x00000000ec000000)
  from space 1024K, 100% used [0x00000000ec380000,0x00000000ec480000,0x00000000ec480000)
  to   space 3584K, 0% used [0x00000000ec000000,0x00000000ec000000,0x00000000ec380000)
 ParOldGen       total 68608K, used 27380K [0x00000000c0000000, 0x00000000c4300000, 0x00000000eab00000)
  object space 68608K, 39% used [0x00000000c0000000,0x00000000c1abd168,0x00000000c4300000)
 Metaspace       used 46088K, committed 46912K, reserved 1114112K
  class space    used 4631K, committed 4992K, reserved 1048576K
}

Dll operation events (10 events):
Event: 0.022 Loaded shared library c:\Users\yasit\.vscode\extensions\redhat.java-1.36.0-win32-x64\jre\17.0.13-win32-x86_64\bin\java.dll
Event: 0.302 Loaded shared library c:\Users\yasit\.vscode\extensions\redhat.java-1.36.0-win32-x64\jre\17.0.13-win32-x86_64\bin\zip.dll
Event: 0.314 Loaded shared library C:\Users\yasit\.vscode\extensions\redhat.java-1.36.0-win32-x64\jre\17.0.13-win32-x86_64\bin\instrument.dll
Event: 0.340 Loaded shared library C:\Users\yasit\.vscode\extensions\redhat.java-1.36.0-win32-x64\jre\17.0.13-win32-x86_64\bin\net.dll
Event: 0.347 Loaded shared library C:\Users\yasit\.vscode\extensions\redhat.java-1.36.0-win32-x64\jre\17.0.13-win32-x86_64\bin\nio.dll
Event: 0.363 Loaded shared library C:\Users\yasit\.vscode\extensions\redhat.java-1.36.0-win32-x64\jre\17.0.13-win32-x86_64\bin\zip.dll
Event: 0.407 Loaded shared library C:\Users\yasit\.vscode\extensions\redhat.java-1.36.0-win32-x64\jre\17.0.13-win32-x86_64\bin\jimage.dll
Event: 0.554 Loaded shared library c:\Users\yasit\.vscode\extensions\redhat.java-1.36.0-win32-x64\jre\17.0.13-win32-x86_64\bin\verify.dll
Event: 1.882 Loaded shared library C:\Users\yasit\AppData\Roaming\Code\User\globalStorage\redhat.java\1.36.0\config_ss_win\org.eclipse.equinox.launcher\org.eclipse.equinox.launcher.win32.win32.x86_64_1.2.1100.v20240722-2106\eclipse_11904.dll
Event: 3.096 Loaded shared library C:\Users\yasit\AppData\Local\Temp\jna-114749654\jna14573682032522311804.dll

Deoptimization events (20 events):
Event: 27.339 Thread 0x00000253e2a359f0 DEOPT PACKING pc=0x00000253d1c3fdec sp=0x0000007c8d8fe170
Event: 27.339 Thread 0x00000253e2a359f0 DEOPT UNPACKING pc=0x00000253d14a66a3 sp=0x0000007c8d8fe108 mode 2
Event: 27.368 Thread 0x00000253e2a359f0 Uncommon trap: trap_request=0xffffffc6 fr.pc=0x00000253d1bca254 relative=0x00000000000000b4
Event: 27.368 Thread 0x00000253e2a359f0 Uncommon trap: reason=bimorphic_or_optimized_type_check action=maybe_recompile pc=0x00000253d1bca254 method=java.util.stream.Sink$ChainedReference.cancellationRequested()Z @ 4 c2
Event: 27.368 Thread 0x00000253e2a359f0 DEOPT PACKING pc=0x00000253d1bca254 sp=0x0000007c8d8fd6d0
Event: 27.368 Thread 0x00000253e2a359f0 DEOPT UNPACKING pc=0x00000253d14a66a3 sp=0x0000007c8d8fd660 mode 2
Event: 27.369 Thread 0x00000253e2a359f0 Uncommon trap: trap_request=0xffffffc6 fr.pc=0x00000253d1bca254 relative=0x00000000000000b4
Event: 27.369 Thread 0x00000253e2a359f0 Uncommon trap: reason=bimorphic_or_optimized_type_check action=maybe_recompile pc=0x00000253d1bca254 method=java.util.stream.Sink$ChainedReference.cancellationRequested()Z @ 4 c2
Event: 27.369 Thread 0x00000253e2a359f0 DEOPT PACKING pc=0x00000253d1bca254 sp=0x0000007c8d8fd6d0
Event: 27.369 Thread 0x00000253e2a359f0 DEOPT UNPACKING pc=0x00000253d14a66a3 sp=0x0000007c8d8fd660 mode 2
Event: 27.370 Thread 0x00000253e2a359f0 Uncommon trap: trap_request=0xffffffc6 fr.pc=0x00000253d1bca254 relative=0x00000000000000b4
Event: 27.370 Thread 0x00000253e2a359f0 Uncommon trap: reason=bimorphic_or_optimized_type_check action=maybe_recompile pc=0x00000253d1bca254 method=java.util.stream.Sink$ChainedReference.cancellationRequested()Z @ 4 c2
Event: 27.370 Thread 0x00000253e2a359f0 DEOPT PACKING pc=0x00000253d1bca254 sp=0x0000007c8d8fe350
Event: 27.370 Thread 0x00000253e2a359f0 DEOPT UNPACKING pc=0x00000253d14a66a3 sp=0x0000007c8d8fe2e0 mode 2
Event: 27.740 Thread 0x00000253e2a37850 Uncommon trap: trap_request=0xffffff45 fr.pc=0x00000253d1cb1400 relative=0x0000000000000080
Event: 27.740 Thread 0x00000253e2a37850 Uncommon trap: reason=unstable_if action=reinterpret pc=0x00000253d1cb1400 method=org.eclipse.jdt.internal.compiler.parser.Scanner.addTokenToLookBack(I)V @ 1 c2
Event: 27.740 Thread 0x00000253e2a37850 DEOPT PACKING pc=0x00000253d1cb1400 sp=0x0000007c8cafe9a0
Event: 27.741 Thread 0x00000253e2a37850 DEOPT UNPACKING pc=0x00000253d14a66a3 sp=0x0000007c8cafe930 mode 2
Event: 27.875 Thread 0x00000253e2a35f00 DEOPT PACKING pc=0x00000253ca3e5f17 sp=0x0000007c8c6fd880
Event: 27.875 Thread 0x00000253e2a35f00 DEOPT UNPACKING pc=0x00000253d14a6e43 sp=0x0000007c8c6fcd90 mode 0

Classes loaded (20 events):
Event: 27.443 Loading class java/time/LocalDate$1
Event: 27.443 Loading class java/time/LocalDate$1 done
Event: 27.741 Loading class java/util/regex/Pattern$1
Event: 27.743 Loading class java/util/regex/Pattern$1 done
Event: 27.835 Loading class java/lang/UnsupportedClassVersionError
Event: 27.835 Loading class java/lang/UnsupportedClassVersionError done
Event: 27.837 Loading class java/io/FileReader
Event: 27.837 Loading class java/io/FileReader done
Event: 27.868 Loading class jdk/internal/reflect/UnsafeQualifiedStaticIntegerFieldAccessorImpl
Event: 27.870 Loading class jdk/internal/reflect/UnsafeQualifiedStaticIntegerFieldAccessorImpl done
Event: 27.878 Loading class java/util/stream/MatchOps$MatchKind
Event: 27.897 Loading class java/util/stream/MatchOps$MatchKind done
Event: 27.897 Loading class java/util/stream/MatchOps
Event: 27.897 Loading class java/util/stream/MatchOps done
Event: 27.897 Loading class java/util/stream/MatchOps$MatchOp
Event: 27.898 Loading class java/util/stream/MatchOps$MatchOp done
Event: 27.898 Loading class java/util/stream/MatchOps$BooleanTerminalSink
Event: 27.898 Loading class java/util/stream/MatchOps$BooleanTerminalSink done
Event: 27.901 Loading class java/util/stream/MatchOps$1MatchSink
Event: 27.902 Loading class java/util/stream/MatchOps$1MatchSink done

Classes unloaded (7 events):
Event: 2.913 Thread 0x00000253e08c14b0 Unloading class 0x000000010021bc00 'java/lang/invoke/LambdaForm$MH+0x000000010021bc00'
Event: 2.913 Thread 0x00000253e08c14b0 Unloading class 0x000000010021b800 'java/lang/invoke/LambdaForm$MH+0x000000010021b800'
Event: 2.913 Thread 0x00000253e08c14b0 Unloading class 0x000000010021b400 'java/lang/invoke/LambdaForm$MH+0x000000010021b400'
Event: 2.913 Thread 0x00000253e08c14b0 Unloading class 0x000000010021b000 'java/lang/invoke/LambdaForm$MH+0x000000010021b000'
Event: 2.913 Thread 0x00000253e08c14b0 Unloading class 0x000000010021ac00 'java/lang/invoke/LambdaForm$BMH+0x000000010021ac00'
Event: 2.913 Thread 0x00000253e08c14b0 Unloading class 0x000000010021a800 'java/lang/invoke/LambdaForm$DMH+0x000000010021a800'
Event: 2.913 Thread 0x00000253e08c14b0 Unloading class 0x0000000100211400 'java/lang/invoke/LambdaForm$DMH+0x0000000100211400'

Classes redefined (0 events):
No events

Internal exceptions (20 events):
Event: 6.124 Thread 0x00000253e2a359f0 Exception <a 'java/io/FileNotFoundException'{0x00000000eb3db3f0}> (0x00000000eb3db3f0) 
thrown [s\src\hotspot\share\prims\jni.cpp, line 516]
Event: 6.157 Thread 0x00000253e2a359f0 Exception <a 'sun/nio/fs/WindowsException'{0x00000000eb564400}> (0x00000000eb564400) 
thrown [s\src\hotspot\share\prims\jni.cpp, line 516]
Event: 6.327 Thread 0x00000253e2a37d60 Exception <a 'java/lang/NoSuchMethodError'{0x00000000eb944c90}: 'java.lang.Object java.lang.invoke.DirectMethodHandle$Holder.newInvokeSpecial(java.lang.Object, java.lang.Object, java.lang.Object, java.lang.Object, java.lang.Object, java.lang.Object)'> (0x00000000eb944c90) 
thrown [s\src\hotspot\share\interpreter\linkResolver.cpp, line 759]
Event: 11.193 Thread 0x00000253e2a35f00 Exception <a 'java/lang/NoSuchMethodError'{0x00000000ebae3bf8}: 'java.lang.Object java.lang.invoke.DirectMethodHandle$Holder.invokeInterface(java.lang.Object, java.lang.Object, java.lang.Object)'> (0x00000000ebae3bf8) 
thrown [s\src\hotspot\share\interpreter\linkResolver.cpp, line 759]
Event: 11.322 Thread 0x00000253e2a35f00 Exception <a 'java/lang/NoSuchMethodError'{0x00000000ebdded58}: 'java.lang.Object java.lang.invoke.Invokers$Holder.invoke_MT(java.lang.Object, java.lang.Object, java.lang.Object)'> (0x00000000ebdded58) 
thrown [s\src\hotspot\share\interpreter\linkResolver.cpp, line 759]
Event: 11.545 Thread 0x00000253e2a35f00 Exception <a 'java/lang/NoSuchMethodError'{0x00000000eac655c0}: 'java.lang.Object java.lang.invoke.DirectMethodHandle$Holder.invokeStaticInit(java.lang.Object, java.lang.Object, java.lang.Object, java.lang.Object, java.lang.Object, java.lang.Object, java.lang.Object)'> (0x00000000eac655c0) 
thrown [s\src\hotspot\share\interpreter\linkResolver.cpp, line 759]
Event: 11.549 Thread 0x00000253e2a35f00 Exception <a 'java/lang/NoSuchMethodError'{0x00000000eac6e838}: 'java.lang.Object java.lang.invoke.DirectMethodHandle$Holder.invokeSpecial(java.lang.Object, java.lang.Object, java.lang.Object, java.lang.Object, java.lang.Object, java.lang.Object, java.lang.Object, java.lang.Object, java.lang.Object, java.lang.Object)'> (0x00000000eac6e838) 
thrown [s\src\hotspot\share\interpreter\linkResolver.cpp, line 759]
Event: 11.550 Thread 0x00000253e2a35f00 Exception <a 'java/lang/NoSuchMethodError'{0x00000000eac730c8}: 'java.lang.Object java.lang.invoke.Invokers$Holder.invoke_MT(java.lang.Object, java.lang.Object, java.lang.Object, java.lang.Object, java.lang.Object, java.lang.Object, java.lang.Object, java.lang.Object, java.lang.Object, java.lang.Object)'> (0x00000000eac730c8) 
thrown [s\src\hotspot\share\interpreter\linkResolver.cpp, line 759]
Event: 11.561 Thread 0x00000253e2a35f00 Exception <a 'java/lang/NoSuchMethodError'{0x00000000eacb9ee8}: 'int java.lang.invoke.DirectMethodHandle$Holder.invokeVirtual(java.lang.Object, java.lang.Object, java.lang.Object)'> (0x00000000eacb9ee8) 
thrown [s\src\hotspot\share\interpreter\linkResolver.cpp, line 759]
Event: 11.561 Thread 0x00000253e2a35f00 Exception <a 'java/lang/NoSuchMethodError'{0x00000000eacbdc90}: 'int java.lang.invoke.DirectMethodHandle$Holder.invokeVirtual(java.lang.Object, java.lang.Object)'> (0x00000000eacbdc90) 
thrown [s\src\hotspot\share\interpreter\linkResolver.cpp, line 759]
Event: 11.562 Thread 0x00000253e2a35f00 Exception <a 'java/lang/NoSuchMethodError'{0x00000000eacc2200}: 'int java.lang.invoke.DirectMethodHandle$Holder.invokeStaticInit(java.lang.Object, int, int)'> (0x00000000eacc2200) 
thrown [s\src\hotspot\share\interpreter\linkResolver.cpp, line 759]
Event: 11.562 Thread 0x00000253e2a35f00 Exception <a 'java/lang/NoSuchMethodError'{0x00000000eacc9c98}: 'int java.lang.invoke.DirectMethodHandle$Holder.invokeStaticInit(java.lang.Object, long, long)'> (0x00000000eacc9c98) 
thrown [s\src\hotspot\share\interpreter\linkResolver.cpp, line 759]
Event: 11.571 Thread 0x00000253e2a35f00 Exception <a 'java/lang/NoSuchMethodError'{0x00000000eacd0d90}: 'int java.lang.invoke.DirectMethodHandle$Holder.invokeStaticInit(java.lang.Object, float, float)'> (0x00000000eacd0d90) 
thrown [s\src\hotspot\share\interpreter\linkResolver.cpp, line 759]
Event: 11.578 Thread 0x00000253e2a35f00 Exception <a 'java/lang/NoSuchMethodError'{0x00000000eacd8140}: 'int java.lang.invoke.DirectMethodHandle$Holder.invokeStaticInit(java.lang.Object, double, double)'> (0x00000000eacd8140) 
thrown [s\src\hotspot\share\interpreter\linkResolver.cpp, line 759]
Event: 11.579 Thread 0x00000253e2a35f00 Exception <a 'java/lang/NoSuchMethodError'{0x00000000eacdc9f0}: 'int java.lang.invoke.DirectMethodHandle$Holder.invokeStatic(java.lang.Object, long)'> (0x00000000eacdc9f0) 
thrown [s\src\hotspot\share\interpreter\linkResolver.cpp, line 759]
Event: 11.582 Thread 0x00000253e2a35f00 Exception <a 'java/lang/NoSuchMethodError'{0x00000000ead048e8}: 'int java.lang.invoke.Invokers$Holder.linkToTargetMethod(java.lang.Object, java.lang.Object)'> (0x00000000ead048e8) 
thrown [s\src\hotspot\share\interpreter\linkResolver.cpp, line 759]
Event: 15.282 Thread 0x00000253e2a35f00 Exception <a 'java/lang/LinkageError'{0x00000000eae6a680}: loader lombok.launch.ShadowClassLoader @240e376c attempted duplicate class definition for lombok.launch.PatchFixesHider$FieldInitializer. (lombok.launch.PatchFixesHider$FieldInitializer is in unnamed module of loader lombok.launch.ShadowClassLoader @240e376c, parent loader org.eclipse.osgi.internal.loader.EquinoxClassLoader @1ee9d3df)> (0x00000000eae6a680) 
thrown [s\src\hotspot\share\classfile\systemDictionary.cpp, line 1723]
Event: 27.440 Thread 0x00000253e2a359f0 Exception <a 'java/lang/ClassNotFoundException'{0x00000000ebb1da10}: sun/util/logging/resources/spi/loggingProvider> (0x00000000ebb1da10) 
thrown [s\src\hotspot\share\classfile\systemDictionary.cpp, line 256]
Event: 27.680 Thread 0x00000253e238c920 Exception <a 'java/lang/NoSuchMethodError'{0x00000000ebbd75e8}: 'java.lang.Object java.lang.invoke.DirectMethodHandle$Holder.invokeSpecial(java.lang.Object, java.lang.Object, int, long)'> (0x00000000ebbd75e8) 
thrown [s\src\hotspot\share\interpreter\linkResolver.cpp, line 759]
Event: 27.745 Thread 0x00000253e2a37850 Exception <a 'java/lang/ArrayIndexOutOfBoundsException'{0x00000000ebd19228}> (0x00000000ebd19228) 
thrown [s\src\hotspot\share\runtime\sharedRuntime.cpp, line 631]

VM Operations (20 events):
Event: 13.502 Executing VM operation: ParallelGCFailedAllocation
Event: 13.508 Executing VM operation: ParallelGCFailedAllocation done
Event: 14.352 Executing VM operation: ParallelGCFailedAllocation
Event: 14.354 Executing VM operation: ParallelGCFailedAllocation done
Event: 15.001 Executing VM operation: ParallelGCFailedAllocation
Event: 15.004 Executing VM operation: ParallelGCFailedAllocation done
Event: 15.189 Executing VM operation: ParallelGCFailedAllocation
Event: 15.190 Executing VM operation: ParallelGCFailedAllocation done
Event: 15.232 Executing VM operation: HandshakeAllThreads
Event: 15.232 Executing VM operation: HandshakeAllThreads done
Event: 16.233 Executing VM operation: Cleanup
Event: 16.233 Executing VM operation: Cleanup done
Event: 24.283 Executing VM operation: Cleanup
Event: 24.284 Executing VM operation: Cleanup done
Event: 27.308 Executing VM operation: Cleanup
Event: 27.313 Executing VM operation: Cleanup done
Event: 27.968 Executing VM operation: ParallelGCFailedAllocation
Event: 27.970 Executing VM operation: ParallelGCFailedAllocation done
Event: 28.065 Executing VM operation: ParallelGCFailedAllocation
Event: 28.074 Executing VM operation: ParallelGCFailedAllocation done

Memory protections (0 events):
No events

Nmethod flushes (0 events):
No events

Events (20 events):
Event: 4.225 Thread 0x00000253c5aad640 Thread added: 0x00000253e2389b90
Event: 4.225 Thread 0x00000253c5aad640 Thread added: 0x00000253e238a0a0
Event: 4.225 Thread 0x00000253c5aad640 Thread added: 0x00000253e238aac0
Event: 4.225 Thread 0x00000253c5aad640 Thread added: 0x00000253e2a340a0
Event: 4.225 Thread 0x00000253c5aad640 Thread added: 0x00000253e2a396b0
Event: 4.281 Thread 0x00000253c5aad640 Thread added: 0x00000253e2a36920
Event: 4.475 Thread 0x00000253e238c920 Thread added: 0x00000253e2a37d60
Event: 4.638 Thread 0x00000253c5aad640 Thread added: 0x00000253e2a3b000
Event: 4.638 Thread 0x00000253c5aad640 Thread added: 0x00000253e2a359f0
Event: 5.646 Thread 0x00000253e28dc6c0 Thread exited: 0x00000253e28dc6c0
Event: 5.646 Thread 0x00000253e275f640 Thread exited: 0x00000253e275f640
Event: 6.117 Thread 0x00000253e0944580 Thread added: 0x00000253e4795010
Event: 6.197 Thread 0x00000253e0944580 Thread added: 0x00000253e505c820
Event: 8.181 Thread 0x00000253e22ec060 Thread exited: 0x00000253e22ec060
Event: 11.091 Thread 0x00000253e505c820 Thread exited: 0x00000253e505c820
Event: 11.091 Thread 0x00000253e4795010 Thread exited: 0x00000253e4795010
Event: 11.172 Thread 0x00000253e2a359f0 Thread added: 0x00000253e2a35f00
Event: 11.409 Thread 0x00000253e0944580 Thread added: 0x00000253e41b6020
Event: 13.502 Thread 0x00000253e41b6020 Thread exited: 0x00000253e41b6020
Event: 14.746 Thread 0x00000253e2a359f0 Thread added: 0x00000253e2a37850


Dynamic libraries:
0x00007ff628780000 - 0x00007ff62878e000 	c:\Users\yasit\.vscode\extensions\redhat.java-1.36.0-win32-x64\jre\17.0.13-win32-x86_64\bin\java.exe
0x00007ffecf850000 - 0x00007ffecfa67000 	C:\WINDOWS\SYSTEM32\ntdll.dll
0x00007ffecf120000 - 0x00007ffecf1e4000 	C:\WINDOWS\System32\KERNEL32.DLL
0x00007ffecd1b0000 - 0x00007ffecd569000 	C:\WINDOWS\System32\KERNELBASE.dll
0x00007ffeccc70000 - 0x00007ffeccd81000 	C:\WINDOWS\System32\ucrtbase.dll
0x00007ffeb76b0000 - 0x00007ffeb76ce000 	c:\Users\yasit\.vscode\extensions\redhat.java-1.36.0-win32-x64\jre\17.0.13-win32-x86_64\bin\VCRUNTIME140.dll
0x00007ffeb7810000 - 0x00007ffeb7827000 	c:\Users\yasit\.vscode\extensions\redhat.java-1.36.0-win32-x64\jre\17.0.13-win32-x86_64\bin\jli.dll
0x00007ffecee10000 - 0x00007ffecefbe000 	C:\WINDOWS\System32\USER32.dll
0x00007ffeccb50000 - 0x00007ffeccb76000 	C:\WINDOWS\System32\win32u.dll
0x00007ffece310000 - 0x00007ffece339000 	C:\WINDOWS\System32\GDI32.dll
0x00007ffecd020000 - 0x00007ffecd13b000 	C:\WINDOWS\System32\gdi32full.dll
0x00007ffeccd90000 - 0x00007ffecce2a000 	C:\WINDOWS\System32\msvcp_win.dll
0x00007ffeb3540000 - 0x00007ffeb37d2000 	C:\WINDOWS\WinSxS\amd64_microsoft.windows.common-controls_6595b64144ccf1df_6.0.22621.4391_none_2715d37f73803e96\COMCTL32.dll
0x00007ffece710000 - 0x00007ffece7b7000 	C:\WINDOWS\System32\msvcrt.dll
0x00007ffece2d0000 - 0x00007ffece301000 	C:\WINDOWS\System32\IMM32.DLL
0x00007ffec5cc0000 - 0x00007ffec5ccc000 	c:\Users\yasit\.vscode\extensions\redhat.java-1.36.0-win32-x64\jre\17.0.13-win32-x86_64\bin\vcruntime140_1.dll
0x00007ffe7ec00000 - 0x00007ffe7ec8d000 	c:\Users\yasit\.vscode\extensions\redhat.java-1.36.0-win32-x64\jre\17.0.13-win32-x86_64\bin\msvcp140.dll
0x00007ffe5a440000 - 0x00007ffe5b0ab000 	c:\Users\yasit\.vscode\extensions\redhat.java-1.36.0-win32-x64\jre\17.0.13-win32-x86_64\bin\server\jvm.dll
0x00007ffece7d0000 - 0x00007ffece882000 	C:\WINDOWS\System32\ADVAPI32.dll
0x00007ffece1b0000 - 0x00007ffece257000 	C:\WINDOWS\System32\sechost.dll
0x00007ffeccc40000 - 0x00007ffeccc68000 	C:\WINDOWS\System32\bcrypt.dll
0x00007ffecd570000 - 0x00007ffecd684000 	C:\WINDOWS\System32\RPCRT4.dll
0x00007ffece5d0000 - 0x00007ffece641000 	C:\WINDOWS\System32\WS2_32.dll
0x00007ffec53b0000 - 0x00007ffec53e4000 	C:\WINDOWS\SYSTEM32\WINMM.dll
0x00007ffecb9a0000 - 0x00007ffecb9ed000 	C:\WINDOWS\SYSTEM32\POWRPROF.dll
0x00007ffec44a0000 - 0x00007ffec44aa000 	C:\WINDOWS\SYSTEM32\VERSION.dll
0x00007ffecb980000 - 0x00007ffecb993000 	C:\WINDOWS\SYSTEM32\UMPDC.dll
0x00007ffecbc40000 - 0x00007ffecbc58000 	C:\WINDOWS\SYSTEM32\kernel.appcore.dll
0x00007ffec5c60000 - 0x00007ffec5c6a000 	c:\Users\yasit\.vscode\extensions\redhat.java-1.36.0-win32-x64\jre\17.0.13-win32-x86_64\bin\jimage.dll
0x00007ffeca420000 - 0x00007ffeca652000 	C:\WINDOWS\SYSTEM32\DBGHELP.DLL
0x00007ffecf280000 - 0x00007ffecf60f000 	C:\WINDOWS\System32\combase.dll
0x00007ffecd690000 - 0x00007ffecd767000 	C:\WINDOWS\System32\OLEAUT32.dll
0x00007ffec35f0000 - 0x00007ffec3622000 	C:\WINDOWS\SYSTEM32\dbgcore.DLL
0x00007ffeccfa0000 - 0x00007ffecd01b000 	C:\WINDOWS\System32\bcryptPrimitives.dll
0x00007ffeb1340000 - 0x00007ffeb134e000 	c:\Users\yasit\.vscode\extensions\redhat.java-1.36.0-win32-x64\jre\17.0.13-win32-x86_64\bin\instrument.dll
0x00007ffe96e10000 - 0x00007ffe96e35000 	c:\Users\yasit\.vscode\extensions\redhat.java-1.36.0-win32-x64\jre\17.0.13-win32-x86_64\bin\java.dll
0x00007ffeb6710000 - 0x00007ffeb6728000 	c:\Users\yasit\.vscode\extensions\redhat.java-1.36.0-win32-x64\jre\17.0.13-win32-x86_64\bin\zip.dll
0x00007ffecd930000 - 0x00007ffece1a6000 	C:\WINDOWS\System32\SHELL32.dll
0x00007ffecaa50000 - 0x00007ffecb353000 	C:\WINDOWS\SYSTEM32\windows.storage.dll
0x00007ffeca910000 - 0x00007ffecaa4f000 	C:\WINDOWS\SYSTEM32\wintypes.dll
0x00007ffecf610000 - 0x00007ffecf709000 	C:\WINDOWS\System32\SHCORE.dll
0x00007ffece260000 - 0x00007ffece2be000 	C:\WINDOWS\System32\shlwapi.dll
0x00007ffecca80000 - 0x00007ffeccaab000 	C:\WINDOWS\SYSTEM32\profapi.dll
0x00007ffeb5cd0000 - 0x00007ffeb5ce9000 	C:\Users\yasit\.vscode\extensions\redhat.java-1.36.0-win32-x64\jre\17.0.13-win32-x86_64\bin\net.dll
0x00007ffec85d0000 - 0x00007ffec8706000 	C:\WINDOWS\SYSTEM32\WINHTTP.dll
0x00007ffecc0c0000 - 0x00007ffecc129000 	C:\WINDOWS\system32\mswsock.dll
0x00007ffea0ab0000 - 0x00007ffea0ac6000 	C:\Users\yasit\.vscode\extensions\redhat.java-1.36.0-win32-x64\jre\17.0.13-win32-x86_64\bin\nio.dll
0x00007ffeb2bc0000 - 0x00007ffeb2bd0000 	c:\Users\yasit\.vscode\extensions\redhat.java-1.36.0-win32-x64\jre\17.0.13-win32-x86_64\bin\verify.dll
0x00007ffe7ebb0000 - 0x00007ffe7ebf5000 	C:\Users\yasit\AppData\Roaming\Code\User\globalStorage\redhat.java\1.36.0\config_ss_win\org.eclipse.equinox.launcher\org.eclipse.equinox.launcher.win32.win32.x86_64_1.2.1100.v20240722-2106\eclipse_11904.dll
0x00007ffece3c0000 - 0x00007ffece565000 	C:\WINDOWS\System32\ole32.dll
0x00007ffecc2e0000 - 0x00007ffecc2fb000 	C:\WINDOWS\SYSTEM32\CRYPTSP.dll
0x00007ffecbba0000 - 0x00007ffecbbd5000 	C:\WINDOWS\system32\rsaenh.dll
0x00007ffecc160000 - 0x00007ffecc188000 	C:\WINDOWS\SYSTEM32\USERENV.dll
0x00007ffecc300000 - 0x00007ffecc30c000 	C:\WINDOWS\SYSTEM32\CRYPTBASE.dll
0x00007ffecb670000 - 0x00007ffecb69d000 	C:\WINDOWS\SYSTEM32\IPHLPAPI.DLL
0x00007ffece650000 - 0x00007ffece659000 	C:\WINDOWS\System32\NSI.dll
0x00007ffec8410000 - 0x00007ffec8429000 	C:\WINDOWS\SYSTEM32\dhcpcsvc6.DLL
0x00007ffec8390000 - 0x00007ffec83af000 	C:\WINDOWS\SYSTEM32\dhcpcsvc.DLL
0x00007ffecb6a0000 - 0x00007ffecb7a2000 	C:\WINDOWS\SYSTEM32\DNSAPI.dll
0x00007ffe7b9d0000 - 0x00007ffe7ba19000 	C:\Users\yasit\AppData\Local\Temp\jna-114749654\jna14573682032522311804.dll
0x00007ffece7c0000 - 0x00007ffece7c8000 	C:\WINDOWS\System32\PSAPI.DLL

dbghelp: loaded successfully - version: 4.0.5 - missing functions: none
symbol engine: initialized successfully - sym options: 0x614 - pdb path: .;c:\Users\yasit\.vscode\extensions\redhat.java-1.36.0-win32-x64\jre\17.0.13-win32-x86_64\bin;C:\WINDOWS\SYSTEM32;C:\WINDOWS\WinSxS\amd64_microsoft.windows.common-controls_6595b64144ccf1df_6.0.22621.4391_none_2715d37f73803e96;c:\Users\yasit\.vscode\extensions\redhat.java-1.36.0-win32-x64\jre\17.0.13-win32-x86_64\bin\server;C:\Users\yasit\AppData\Roaming\Code\User\globalStorage\redhat.java\1.36.0\config_ss_win\org.eclipse.equinox.launcher\org.eclipse.equinox.launcher.win32.win32.x86_64_1.2.1100.v20240722-2106;C:\Users\yasit\AppData\Local\Temp\jna-114749654

VM Arguments:
jvm_args: --add-modules=ALL-SYSTEM --add-opens=java.base/java.util=ALL-UNNAMED --add-opens=java.base/java.lang=ALL-UNNAMED --add-opens=java.base/sun.nio.fs=ALL-UNNAMED -Declipse.application=org.eclipse.jdt.ls.core.id1 -Dosgi.bundles.defaultStartLevel=4 -Declipse.product=org.eclipse.jdt.ls.core.product -Djava.import.generatesMetadataFilesAtProjectRoot=false -DDetectVMInstallationsJob.disabled=true -Dfile.encoding=utf8 -XX:+UseParallelGC -XX:GCTimeRatio=4 -XX:AdaptiveSizePolicyWeight=90 -Dsun.zip.disableMemoryMapping=true -Xmx1G -Xms100m -Xlog:disable -javaagent:c:\Users\yasit\.vscode\extensions\redhat.java-1.36.0-win32-x64\lombok\lombok-1.18.35.jar 
java_command: c:\Users\yasit\.vscode\extensions\redhat.java-1.36.0-win32-x64\server\plugins\org.eclipse.equinox.launcher_1.6.900.v20240613-2009.jar -configuration c:\Users\yasit\AppData\Roaming\Code\User\globalStorage\redhat.java\1.36.0\config_ss_win -data c:\Users\yasit\AppData\Roaming\Code\User\workspaceStorage\db42d2b355658ce1cce1b4bdd0ae306e\redhat.java\ss_ws --pipe=\\.\pipe\lsp-614e0f85841c2d3b03df74d48f8541c1-sock
java_class_path (initial): c:\Users\yasit\.vscode\extensions\redhat.java-1.36.0-win32-x64\server\plugins\org.eclipse.equinox.launcher_1.6.900.v20240613-2009.jar
Launcher Type: SUN_STANDARD

[Global flags]
    uintx AdaptiveSizePolicyWeight                 = 90                                        {product} {command line}
     intx CICompilerCount                          = 4                                         {product} {ergonomic}
    uintx GCTimeRatio                              = 4                                         {product} {command line}
   size_t InitialHeapSize                          = 104857600                                 {product} {command line}
   size_t MaxHeapSize                              = 1073741824                                {product} {command line}
   size_t MaxNewSize                               = 357564416                                 {product} {ergonomic}
   size_t MinHeapDeltaBytes                        = 524288                                    {product} {ergonomic}
   size_t MinHeapSize                              = 104857600                                 {product} {command line}
   size_t NewSize                                  = 34603008                                  {product} {ergonomic}
    uintx NonNMethodCodeHeapSize                   = 5839372                                {pd product} {ergonomic}
    uintx NonProfiledCodeHeapSize                  = 122909434                              {pd product} {ergonomic}
   size_t OldSize                                  = 70254592                                  {product} {ergonomic}
    uintx ProfiledCodeHeapSize                     = 122909434                              {pd product} {ergonomic}
    uintx ReservedCodeCacheSize                    = 251658240                              {pd product} {ergonomic}
     bool SegmentedCodeCache                       = true                                      {product} {ergonomic}
   size_t SoftMaxHeapSize                          = 1073741824                             {manageable} {ergonomic}
     bool UseCompressedClassPointers               = true                           {product lp64_product} {ergonomic}
     bool UseCompressedOops                        = true                           {product lp64_product} {ergonomic}
     bool UseLargePagesIndividualAllocation        = false                                  {pd product} {ergonomic}
     bool UseParallelGC                            = true                                      {product} {command line}

Logging:
Log output configuration:
 #0: stdout all=off uptime,level,tags
 #1: stderr all=off uptime,level,tags

Environment Variables:
JAVA_HOME=C:\Program Files\Java\jdk-17\
PATH=C:\Program Files\Common Files\Oracle\Java\javapath;C:\Program Files (x86)\Common Files\Intel\Shared Libraries\redist\intel64_win\compiler;C:\Program Files (x86)\Common Files\Intel\Shared Libraries\redist\intel64\compiler;C:\Windows\system32;C:\Windows;C:\Windows\System32\Wbem;C:\Windows\System32\WindowsPowerShell\v1.0\;C:\Windows\System32\OpenSSH\;C:\Program Files (x86)\NVIDIA Corporation\PhysX\Common;C:\Program Files\NVIDIA Corporation\NVIDIA NvDLISR;C:\Program Files\dotnet\;C:\Program Files\Git\cmd;C:\WINDOWS\system32;C:\WINDOWS;C:\WINDOWS\System32\Wbem;C:\WINDOWS\System32\WindowsPowerShell\v1.0\;C:\WINDOWS\System32\OpenSSH\;C:\Program Files\nodejs\;C:\Program Files\Docker\Docker\resources\bin;C:\Program Files\Amazon\AWSCLIV2\;D:\Softwares\apache-maven-3.9.9\bin;D:\Self Programming\MobileDev-Flutter\flutter\bin;C:\Program Files\Java\jdk-17\bin;C:\Users\yasit\AppData\Local\Microsoft\WindowsApps;C:\Users\yasit\AppData\Local\Programs\Microsoft VS Code\bin;D:\Softwares\Hyper\resources\bin;D:\Softwares\php-8.2.7;C:\Program Files\MongoDB\Server\5.0\bin;C:\Users\yasit\AppData\Roaming\npm;D:\Android\platform-tools;
USERNAME=yasit
OS=Windows_NT
PROCESSOR_IDENTIFIER=Intel64 Family 6 Model 165 Stepping 2, GenuineIntel
TMP=C:\Users\yasit\AppData\Local\Temp
TEMP=C:\Users\yasit\AppData\Local\Temp



Periodic native trim disabled


---------------  S Y S T E M  ---------------

OS:
 Windows 11 , 64 bit Build 22621 (10.0.22621.4391)
OS uptime: 7 days 8:57 hours
Hyper-V role detected

CPU: total 8 (initial active 8) (4 cores per cpu, 2 threads per core) family 6 model 165 stepping 2 microcode 0xe0, cx8, cmov, fxsr, ht, mmx, 3dnowpref, sse, sse2, sse3, ssse3, sse4.1, sse4.2, popcnt, lzcnt, tsc, tscinvbit, avx, avx2, aes, erms, clmul, bmi1, bmi2, adx, fma, vzeroupper, clflush, clflushopt, hv
Processor Information for all 8 processors :
  Max Mhz: 2496, Current Mhz: 2496, Mhz Limit: 2496

Memory: 4k page, system-wide physical 8029M (315M free)
TotalPageFile size 32605M (AvailPageFile size 3M)
current process WorkingSet (physical memory assigned to process): 116M, peak: 196M
current process commit charge ("private bytes"): 262M, peak: 282M

vm_info: OpenJDK 64-Bit Server VM (17.0.13+11) for windows-amd64 JRE (17.0.13+11), built on Oct 16 2024 00:10:08 by "admin" with MS VC++ 17.7 (VS2022)

END.
